[2023-04-04 00:19:56,355] dev-dsk-mzahn-1e-e30a3bfc.us-east-1.amazon.com/INFO/locust.main: No run time limit set, use CTRL+C to interrupt
[2023-04-04 00:19:56,355] dev-dsk-mzahn-1e-e30a3bfc.us-east-1.amazon.com/INFO/locust.main: Starting Locust 2.15.1
[2023-04-04 00:19:56,356] dev-dsk-mzahn-1e-e30a3bfc.us-east-1.amazon.com/INFO/locust.runners: Ramping to 10 users at a rate of 60.00 per second
[2023-04-04 00:19:56,358] dev-dsk-mzahn-1e-e30a3bfc.us-east-1.amazon.com/INFO/locust.runners: All users spawned: {"LoadTest": 10} (10 total users)
[2023-04-04 00:19:56,501] dev-dsk-mzahn-1e-e30a3bfc.us-east-1.amazon.com/INFO/root: Home Page Reached
[2023-04-04 00:19:56,502] dev-dsk-mzahn-1e-e30a3bfc.us-east-1.amazon.com/INFO/root: Home Page Reached
[2023-04-04 00:19:56,503] dev-dsk-mzahn-1e-e30a3bfc.us-east-1.amazon.com/INFO/root: Home Page Reached
[2023-04-04 00:19:56,503] dev-dsk-mzahn-1e-e30a3bfc.us-east-1.amazon.com/INFO/root: Home Page Reached
[2023-04-04 00:19:56,504] dev-dsk-mzahn-1e-e30a3bfc.us-east-1.amazon.com/INFO/root: Home Page Reached
[2023-04-04 00:19:56,505] dev-dsk-mzahn-1e-e30a3bfc.us-east-1.amazon.com/INFO/root: Home Page Reached
[2023-04-04 00:19:56,507] dev-dsk-mzahn-1e-e30a3bfc.us-east-1.amazon.com/INFO/root: Home Page Reached
[2023-04-04 00:19:56,507] dev-dsk-mzahn-1e-e30a3bfc.us-east-1.amazon.com/INFO/root: Home Page Reached
[2023-04-04 00:19:56,508] dev-dsk-mzahn-1e-e30a3bfc.us-east-1.amazon.com/INFO/root: Home Page Reached
[2023-04-04 00:19:56,511] dev-dsk-mzahn-1e-e30a3bfc.us-east-1.amazon.com/INFO/root: Home Page Reached
[2023-04-04 00:19:57,568] dev-dsk-mzahn-1e-e30a3bfc.us-east-1.amazon.com/INFO/root: Home Page Reached
[2023-04-04 00:19:57,569] dev-dsk-mzahn-1e-e30a3bfc.us-east-1.amazon.com/INFO/root: Home Page Reached
[2023-04-04 00:19:57,570] dev-dsk-mzahn-1e-e30a3bfc.us-east-1.amazon.com/INFO/root: Home Page Reached
[2023-04-04 00:19:57,571] dev-dsk-mzahn-1e-e30a3bfc.us-east-1.amazon.com/INFO/root: Home Page Reached
[2023-04-04 00:19:57,572] dev-dsk-mzahn-1e-e30a3bfc.us-east-1.amazon.com/INFO/root: Home Page Reached
[2023-04-04 00:19:57,574] dev-dsk-mzahn-1e-e30a3bfc.us-east-1.amazon.com/INFO/root: Home Page Reached
[2023-04-04 00:19:57,575] dev-dsk-mzahn-1e-e30a3bfc.us-east-1.amazon.com/INFO/root: Home Page Reached
[2023-04-04 00:19:57,576] dev-dsk-mzahn-1e-e30a3bfc.us-east-1.amazon.com/INFO/root: Home Page Reached
[2023-04-04 00:19:57,577] dev-dsk-mzahn-1e-e30a3bfc.us-east-1.amazon.com/INFO/root: Home Page Reached
[2023-04-04 00:19:57,580] dev-dsk-mzahn-1e-e30a3bfc.us-east-1.amazon.com/INFO/root: Home Page Reached
[2023-04-04 00:19:58,636] dev-dsk-mzahn-1e-e30a3bfc.us-east-1.amazon.com/INFO/root: Home Page Reached
[2023-04-04 00:19:58,636] dev-dsk-mzahn-1e-e30a3bfc.us-east-1.amazon.com/INFO/root: Home Page Reached
[2023-04-04 00:19:58,637] dev-dsk-mzahn-1e-e30a3bfc.us-east-1.amazon.com/INFO/root: Home Page Reached
[2023-04-04 00:19:58,638] dev-dsk-mzahn-1e-e30a3bfc.us-east-1.amazon.com/INFO/root: Home Page Reached
[2023-04-04 00:19:58,638] dev-dsk-mzahn-1e-e30a3bfc.us-east-1.amazon.com/INFO/root: Home Page Reached
[2023-04-04 00:19:58,640] dev-dsk-mzahn-1e-e30a3bfc.us-east-1.amazon.com/INFO/root: Home Page Reached
[2023-04-04 00:19:58,643] dev-dsk-mzahn-1e-e30a3bfc.us-east-1.amazon.com/INFO/root: Home Page Reached
[2023-04-04 00:19:58,644] dev-dsk-mzahn-1e-e30a3bfc.us-east-1.amazon.com/INFO/root: Home Page Reached
[2023-04-04 00:19:58,645] dev-dsk-mzahn-1e-e30a3bfc.us-east-1.amazon.com/INFO/root: Home Page Reached
[2023-04-04 00:19:58,650] dev-dsk-mzahn-1e-e30a3bfc.us-east-1.amazon.com/INFO/root: Home Page Reached
[2023-04-04 00:19:59,702] dev-dsk-mzahn-1e-e30a3bfc.us-east-1.amazon.com/INFO/root: Home Page Reached
[2023-04-04 00:19:59,703] dev-dsk-mzahn-1e-e30a3bfc.us-east-1.amazon.com/INFO/root: Home Page Reached
[2023-04-04 00:19:59,704] dev-dsk-mzahn-1e-e30a3bfc.us-east-1.amazon.com/INFO/root: Home Page Reached
[2023-04-04 00:19:59,705] dev-dsk-mzahn-1e-e30a3bfc.us-east-1.amazon.com/INFO/root: Home Page Reached
[2023-04-04 00:19:59,706] dev-dsk-mzahn-1e-e30a3bfc.us-east-1.amazon.com/INFO/root: Home Page Reached
[2023-04-04 00:19:59,707] dev-dsk-mzahn-1e-e30a3bfc.us-east-1.amazon.com/INFO/root: Home Page Reached
[2023-04-04 00:19:59,712] dev-dsk-mzahn-1e-e30a3bfc.us-east-1.amazon.com/INFO/root: Home Page Reached
[2023-04-04 00:19:59,713] dev-dsk-mzahn-1e-e30a3bfc.us-east-1.amazon.com/INFO/root: Home Page Reached
[2023-04-04 00:19:59,713] dev-dsk-mzahn-1e-e30a3bfc.us-east-1.amazon.com/INFO/root: Home Page Reached
[2023-04-04 00:19:59,720] dev-dsk-mzahn-1e-e30a3bfc.us-east-1.amazon.com/INFO/root: Home Page Reached
[2023-04-04 00:20:00,767] dev-dsk-mzahn-1e-e30a3bfc.us-east-1.amazon.com/INFO/root: Home Page Reached
[2023-04-04 00:20:00,768] dev-dsk-mzahn-1e-e30a3bfc.us-east-1.amazon.com/INFO/root: Home Page Reached
[2023-04-04 00:20:00,770] dev-dsk-mzahn-1e-e30a3bfc.us-east-1.amazon.com/INFO/root: Home Page Reached
[2023-04-04 00:20:00,770] dev-dsk-mzahn-1e-e30a3bfc.us-east-1.amazon.com/INFO/root: Home Page Reached
[2023-04-04 00:20:00,772] dev-dsk-mzahn-1e-e30a3bfc.us-east-1.amazon.com/INFO/root: Home Page Reached
[2023-04-04 00:20:00,774] dev-dsk-mzahn-1e-e30a3bfc.us-east-1.amazon.com/INFO/root: Home Page Reached
[2023-04-04 00:20:00,781] dev-dsk-mzahn-1e-e30a3bfc.us-east-1.amazon.com/INFO/root: Home Page Reached
[2023-04-04 00:20:00,782] dev-dsk-mzahn-1e-e30a3bfc.us-east-1.amazon.com/INFO/root: Home Page Reached
[2023-04-04 00:20:00,783] dev-dsk-mzahn-1e-e30a3bfc.us-east-1.amazon.com/INFO/root: Home Page Reached
[2023-04-04 00:20:00,789] dev-dsk-mzahn-1e-e30a3bfc.us-east-1.amazon.com/INFO/root: Home Page Reached
[2023-04-04 00:20:01,834] dev-dsk-mzahn-1e-e30a3bfc.us-east-1.amazon.com/INFO/root: Home Page Reached
[2023-04-04 00:20:01,836] dev-dsk-mzahn-1e-e30a3bfc.us-east-1.amazon.com/INFO/root: Home Page Reached
[2023-04-04 00:20:01,838] dev-dsk-mzahn-1e-e30a3bfc.us-east-1.amazon.com/INFO/root: Home Page Reached
[2023-04-04 00:20:01,840] dev-dsk-mzahn-1e-e30a3bfc.us-east-1.amazon.com/INFO/root: Home Page Reached
[2023-04-04 00:20:01,849] dev-dsk-mzahn-1e-e30a3bfc.us-east-1.amazon.com/INFO/root: Home Page Reached
[2023-04-04 00:20:01,850] dev-dsk-mzahn-1e-e30a3bfc.us-east-1.amazon.com/INFO/root: Home Page Reached
[2023-04-04 00:20:01,853] dev-dsk-mzahn-1e-e30a3bfc.us-east-1.amazon.com/INFO/root: Home Page Reached
[2023-04-04 00:20:01,854] dev-dsk-mzahn-1e-e30a3bfc.us-east-1.amazon.com/INFO/root: Home Page Reached
[2023-04-04 00:20:01,912] dev-dsk-mzahn-1e-e30a3bfc.us-east-1.amazon.com/INFO/root: Home Page Reached
[2023-04-04 00:20:01,917] dev-dsk-mzahn-1e-e30a3bfc.us-east-1.amazon.com/INFO/root: Home Page Reached
[2023-04-04 00:20:02,902] dev-dsk-mzahn-1e-e30a3bfc.us-east-1.amazon.com/INFO/root: Home Page Reached
[2023-04-04 00:20:02,903] dev-dsk-mzahn-1e-e30a3bfc.us-east-1.amazon.com/INFO/root: Home Page Reached
[2023-04-04 00:20:02,904] dev-dsk-mzahn-1e-e30a3bfc.us-east-1.amazon.com/INFO/root: Home Page Reached
[2023-04-04 00:20:02,908] dev-dsk-mzahn-1e-e30a3bfc.us-east-1.amazon.com/INFO/root: Home Page Reached
[2023-04-04 00:20:02,917] dev-dsk-mzahn-1e-e30a3bfc.us-east-1.amazon.com/INFO/root: Home Page Reached
[2023-04-04 00:20:02,919] dev-dsk-mzahn-1e-e30a3bfc.us-east-1.amazon.com/INFO/root: Home Page Reached
[2023-04-04 00:20:02,922] dev-dsk-mzahn-1e-e30a3bfc.us-east-1.amazon.com/INFO/root: Home Page Reached
[2023-04-04 00:20:02,923] dev-dsk-mzahn-1e-e30a3bfc.us-east-1.amazon.com/INFO/root: Home Page Reached
[2023-04-04 00:20:02,982] dev-dsk-mzahn-1e-e30a3bfc.us-east-1.amazon.com/INFO/root: Home Page Reached
[2023-04-04 00:20:02,988] dev-dsk-mzahn-1e-e30a3bfc.us-east-1.amazon.com/INFO/root: Home Page Reached
[2023-04-04 00:20:03,970] dev-dsk-mzahn-1e-e30a3bfc.us-east-1.amazon.com/INFO/root: Home Page Reached
[2023-04-04 00:20:03,971] dev-dsk-mzahn-1e-e30a3bfc.us-east-1.amazon.com/INFO/root: Home Page Reached
[2023-04-04 00:20:03,972] dev-dsk-mzahn-1e-e30a3bfc.us-east-1.amazon.com/INFO/root: Home Page Reached
[2023-04-04 00:20:03,974] dev-dsk-mzahn-1e-e30a3bfc.us-east-1.amazon.com/INFO/root: Home Page Reached
[2023-04-04 00:20:03,985] dev-dsk-mzahn-1e-e30a3bfc.us-east-1.amazon.com/INFO/root: Home Page Reached
[2023-04-04 00:20:03,987] dev-dsk-mzahn-1e-e30a3bfc.us-east-1.amazon.com/INFO/root: Home Page Reached
[2023-04-04 00:20:03,991] dev-dsk-mzahn-1e-e30a3bfc.us-east-1.amazon.com/INFO/root: Home Page Reached
[2023-04-04 00:20:03,992] dev-dsk-mzahn-1e-e30a3bfc.us-east-1.amazon.com/INFO/root: Home Page Reached
[2023-04-04 00:20:04,053] dev-dsk-mzahn-1e-e30a3bfc.us-east-1.amazon.com/INFO/root: Home Page Reached
[2023-04-04 00:20:04,059] dev-dsk-mzahn-1e-e30a3bfc.us-east-1.amazon.com/INFO/root: Home Page Reached
[2023-04-04 00:20:05,036] dev-dsk-mzahn-1e-e30a3bfc.us-east-1.amazon.com/INFO/root: Home Page Reached
[2023-04-04 00:20:05,037] dev-dsk-mzahn-1e-e30a3bfc.us-east-1.amazon.com/INFO/root: Home Page Reached
[2023-04-04 00:20:05,038] dev-dsk-mzahn-1e-e30a3bfc.us-east-1.amazon.com/INFO/root: Home Page Reached
[2023-04-04 00:20:05,039] dev-dsk-mzahn-1e-e30a3bfc.us-east-1.amazon.com/INFO/root: Home Page Reached
[2023-04-04 00:20:05,051] dev-dsk-mzahn-1e-e30a3bfc.us-east-1.amazon.com/INFO/root: Home Page Reached
[2023-04-04 00:20:05,055] dev-dsk-mzahn-1e-e30a3bfc.us-east-1.amazon.com/INFO/root: Home Page Reached
[2023-04-04 00:20:05,059] dev-dsk-mzahn-1e-e30a3bfc.us-east-1.amazon.com/INFO/root: Home Page Reached
[2023-04-04 00:20:05,061] dev-dsk-mzahn-1e-e30a3bfc.us-east-1.amazon.com/INFO/root: Home Page Reached
[2023-04-04 00:20:05,122] dev-dsk-mzahn-1e-e30a3bfc.us-east-1.amazon.com/INFO/root: Home Page Reached
[2023-04-04 00:20:05,129] dev-dsk-mzahn-1e-e30a3bfc.us-east-1.amazon.com/INFO/root: Home Page Reached
[2023-04-04 00:20:06,102] dev-dsk-mzahn-1e-e30a3bfc.us-east-1.amazon.com/INFO/root: Home Page Reached
[2023-04-04 00:20:06,103] dev-dsk-mzahn-1e-e30a3bfc.us-east-1.amazon.com/INFO/root: Home Page Reached
[2023-04-04 00:20:06,104] dev-dsk-mzahn-1e-e30a3bfc.us-east-1.amazon.com/INFO/root: Home Page Reached
[2023-04-04 00:20:06,105] dev-dsk-mzahn-1e-e30a3bfc.us-east-1.amazon.com/INFO/root: Home Page Reached
[2023-04-04 00:20:06,118] dev-dsk-mzahn-1e-e30a3bfc.us-east-1.amazon.com/INFO/root: Home Page Reached
[2023-04-04 00:20:06,122] dev-dsk-mzahn-1e-e30a3bfc.us-east-1.amazon.com/INFO/root: Home Page Reached
[2023-04-04 00:20:06,127] dev-dsk-mzahn-1e-e30a3bfc.us-east-1.amazon.com/INFO/root: Home Page Reached
[2023-04-04 00:20:06,128] dev-dsk-mzahn-1e-e30a3bfc.us-east-1.amazon.com/INFO/root: Home Page Reached
[2023-04-04 00:20:06,191] dev-dsk-mzahn-1e-e30a3bfc.us-east-1.amazon.com/INFO/root: Home Page Reached
[2023-04-04 00:20:06,199] dev-dsk-mzahn-1e-e30a3bfc.us-east-1.amazon.com/INFO/root: Home Page Reached
[2023-04-04 00:20:07,170] dev-dsk-mzahn-1e-e30a3bfc.us-east-1.amazon.com/INFO/root: Home Page Reached
[2023-04-04 00:20:07,171] dev-dsk-mzahn-1e-e30a3bfc.us-east-1.amazon.com/INFO/root: Home Page Reached
[2023-04-04 00:20:07,172] dev-dsk-mzahn-1e-e30a3bfc.us-east-1.amazon.com/INFO/root: Home Page Reached
[2023-04-04 00:20:07,172] dev-dsk-mzahn-1e-e30a3bfc.us-east-1.amazon.com/INFO/root: Home Page Reached
[2023-04-04 00:20:07,186] dev-dsk-mzahn-1e-e30a3bfc.us-east-1.amazon.com/INFO/root: Home Page Reached
[2023-04-04 00:20:07,191] dev-dsk-mzahn-1e-e30a3bfc.us-east-1.amazon.com/INFO/root: Home Page Reached
[2023-04-04 00:20:07,196] dev-dsk-mzahn-1e-e30a3bfc.us-east-1.amazon.com/INFO/root: Home Page Reached
[2023-04-04 00:20:07,197] dev-dsk-mzahn-1e-e30a3bfc.us-east-1.amazon.com/INFO/root: Home Page Reached
[2023-04-04 00:20:07,257] dev-dsk-mzahn-1e-e30a3bfc.us-east-1.amazon.com/INFO/root: Home Page Reached
[2023-04-04 00:20:07,265] dev-dsk-mzahn-1e-e30a3bfc.us-east-1.amazon.com/INFO/root: Home Page Reached
[2023-04-04 00:20:08,238] dev-dsk-mzahn-1e-e30a3bfc.us-east-1.amazon.com/INFO/root: Home Page Reached
[2023-04-04 00:20:08,240] dev-dsk-mzahn-1e-e30a3bfc.us-east-1.amazon.com/INFO/root: Home Page Reached
[2023-04-04 00:20:08,241] dev-dsk-mzahn-1e-e30a3bfc.us-east-1.amazon.com/INFO/root: Home Page Reached
[2023-04-04 00:20:08,242] dev-dsk-mzahn-1e-e30a3bfc.us-east-1.amazon.com/INFO/root: Home Page Reached
[2023-04-04 00:20:08,256] dev-dsk-mzahn-1e-e30a3bfc.us-east-1.amazon.com/INFO/root: Home Page Reached
[2023-04-04 00:20:08,260] dev-dsk-mzahn-1e-e30a3bfc.us-east-1.amazon.com/INFO/root: Home Page Reached
[2023-04-04 00:20:08,262] dev-dsk-mzahn-1e-e30a3bfc.us-east-1.amazon.com/INFO/root: Home Page Reached
[2023-04-04 00:20:08,263] dev-dsk-mzahn-1e-e30a3bfc.us-east-1.amazon.com/INFO/root: Home Page Reached
[2023-04-04 00:20:08,325] dev-dsk-mzahn-1e-e30a3bfc.us-east-1.amazon.com/INFO/root: Home Page Reached
[2023-04-04 00:20:08,331] dev-dsk-mzahn-1e-e30a3bfc.us-east-1.amazon.com/INFO/root: Home Page Reached
[2023-04-04 00:20:09,308] dev-dsk-mzahn-1e-e30a3bfc.us-east-1.amazon.com/INFO/root: Home Page Reached
[2023-04-04 00:20:09,309] dev-dsk-mzahn-1e-e30a3bfc.us-east-1.amazon.com/INFO/root: Home Page Reached
[2023-04-04 00:20:09,310] dev-dsk-mzahn-1e-e30a3bfc.us-east-1.amazon.com/INFO/root: Home Page Reached
[2023-04-04 00:20:09,310] dev-dsk-mzahn-1e-e30a3bfc.us-east-1.amazon.com/INFO/root: Home Page Reached
[2023-04-04 00:20:09,322] dev-dsk-mzahn-1e-e30a3bfc.us-east-1.amazon.com/INFO/root: Home Page Reached
[2023-04-04 00:20:09,325] dev-dsk-mzahn-1e-e30a3bfc.us-east-1.amazon.com/INFO/root: Home Page Reached
[2023-04-04 00:20:09,329] dev-dsk-mzahn-1e-e30a3bfc.us-east-1.amazon.com/INFO/root: Home Page Reached
[2023-04-04 00:20:09,330] dev-dsk-mzahn-1e-e30a3bfc.us-east-1.amazon.com/INFO/root: Home Page Reached
[2023-04-04 00:20:09,393] dev-dsk-mzahn-1e-e30a3bfc.us-east-1.amazon.com/INFO/root: Home Page Reached
[2023-04-04 00:20:09,400] dev-dsk-mzahn-1e-e30a3bfc.us-east-1.amazon.com/INFO/root: Home Page Reached
[2023-04-04 00:20:10,376] dev-dsk-mzahn-1e-e30a3bfc.us-east-1.amazon.com/INFO/root: Home Page Reached
[2023-04-04 00:20:10,377] dev-dsk-mzahn-1e-e30a3bfc.us-east-1.amazon.com/INFO/root: Home Page Reached
[2023-04-04 00:20:10,379] dev-dsk-mzahn-1e-e30a3bfc.us-east-1.amazon.com/INFO/root: Home Page Reached
[2023-04-04 00:20:10,380] dev-dsk-mzahn-1e-e30a3bfc.us-east-1.amazon.com/INFO/root: Home Page Reached
[2023-04-04 00:20:10,388] dev-dsk-mzahn-1e-e30a3bfc.us-east-1.amazon.com/INFO/root: Home Page Reached
[2023-04-04 00:20:10,392] dev-dsk-mzahn-1e-e30a3bfc.us-east-1.amazon.com/INFO/root: Home Page Reached
[2023-04-04 00:20:10,397] dev-dsk-mzahn-1e-e30a3bfc.us-east-1.amazon.com/INFO/root: Home Page Reached
[2023-04-04 00:20:10,398] dev-dsk-mzahn-1e-e30a3bfc.us-east-1.amazon.com/INFO/root: Home Page Reached
[2023-04-04 00:20:10,459] dev-dsk-mzahn-1e-e30a3bfc.us-east-1.amazon.com/INFO/root: Home Page Reached
[2023-04-04 00:20:10,465] dev-dsk-mzahn-1e-e30a3bfc.us-east-1.amazon.com/INFO/root: Home Page Reached
[2023-04-04 00:20:11,446] dev-dsk-mzahn-1e-e30a3bfc.us-east-1.amazon.com/INFO/root: Home Page Reached
[2023-04-04 00:20:11,448] dev-dsk-mzahn-1e-e30a3bfc.us-east-1.amazon.com/INFO/root: Home Page Reached
[2023-04-04 00:20:11,448] dev-dsk-mzahn-1e-e30a3bfc.us-east-1.amazon.com/INFO/root: Home Page Reached
[2023-04-04 00:20:11,449] dev-dsk-mzahn-1e-e30a3bfc.us-east-1.amazon.com/INFO/root: Home Page Reached
[2023-04-04 00:20:11,457] dev-dsk-mzahn-1e-e30a3bfc.us-east-1.amazon.com/INFO/root: Home Page Reached
[2023-04-04 00:20:11,462] dev-dsk-mzahn-1e-e30a3bfc.us-east-1.amazon.com/INFO/root: Home Page Reached
[2023-04-04 00:20:11,463] dev-dsk-mzahn-1e-e30a3bfc.us-east-1.amazon.com/INFO/root: Home Page Reached
[2023-04-04 00:20:11,464] dev-dsk-mzahn-1e-e30a3bfc.us-east-1.amazon.com/INFO/root: Home Page Reached
[2023-04-04 00:20:11,529] dev-dsk-mzahn-1e-e30a3bfc.us-east-1.amazon.com/INFO/root: Home Page Reached
[2023-04-04 00:20:11,533] dev-dsk-mzahn-1e-e30a3bfc.us-east-1.amazon.com/INFO/root: Home Page Reached
[2023-04-04 00:20:12,515] dev-dsk-mzahn-1e-e30a3bfc.us-east-1.amazon.com/INFO/root: Home Page Reached
[2023-04-04 00:20:12,517] dev-dsk-mzahn-1e-e30a3bfc.us-east-1.amazon.com/INFO/root: Home Page Reached
[2023-04-04 00:20:12,518] dev-dsk-mzahn-1e-e30a3bfc.us-east-1.amazon.com/INFO/root: Home Page Reached
[2023-04-04 00:20:12,519] dev-dsk-mzahn-1e-e30a3bfc.us-east-1.amazon.com/INFO/root: Home Page Reached
[2023-04-04 00:20:12,522] dev-dsk-mzahn-1e-e30a3bfc.us-east-1.amazon.com/INFO/root: Home Page Reached
[2023-04-04 00:20:12,529] dev-dsk-mzahn-1e-e30a3bfc.us-east-1.amazon.com/INFO/root: Home Page Reached
[2023-04-04 00:20:12,530] dev-dsk-mzahn-1e-e30a3bfc.us-east-1.amazon.com/INFO/root: Home Page Reached
[2023-04-04 00:20:12,533] dev-dsk-mzahn-1e-e30a3bfc.us-east-1.amazon.com/INFO/root: Home Page Reached
[2023-04-04 00:20:12,595] dev-dsk-mzahn-1e-e30a3bfc.us-east-1.amazon.com/INFO/root: Home Page Reached
[2023-04-04 00:20:12,601] dev-dsk-mzahn-1e-e30a3bfc.us-east-1.amazon.com/INFO/root: Home Page Reached
[2023-04-04 00:20:13,584] dev-dsk-mzahn-1e-e30a3bfc.us-east-1.amazon.com/INFO/root: Home Page Reached
[2023-04-04 00:20:13,586] dev-dsk-mzahn-1e-e30a3bfc.us-east-1.amazon.com/INFO/root: Home Page Reached
[2023-04-04 00:20:13,586] dev-dsk-mzahn-1e-e30a3bfc.us-east-1.amazon.com/INFO/root: Home Page Reached
[2023-04-04 00:20:13,587] dev-dsk-mzahn-1e-e30a3bfc.us-east-1.amazon.com/INFO/root: Home Page Reached
[2023-04-04 00:20:13,589] dev-dsk-mzahn-1e-e30a3bfc.us-east-1.amazon.com/INFO/root: Home Page Reached
[2023-04-04 00:20:13,598] dev-dsk-mzahn-1e-e30a3bfc.us-east-1.amazon.com/INFO/root: Home Page Reached
[2023-04-04 00:20:13,598] dev-dsk-mzahn-1e-e30a3bfc.us-east-1.amazon.com/INFO/root: Home Page Reached
[2023-04-04 00:20:13,599] dev-dsk-mzahn-1e-e30a3bfc.us-east-1.amazon.com/INFO/root: Home Page Reached
[2023-04-04 00:20:13,664] dev-dsk-mzahn-1e-e30a3bfc.us-east-1.amazon.com/INFO/root: Home Page Reached
[2023-04-04 00:20:13,667] dev-dsk-mzahn-1e-e30a3bfc.us-east-1.amazon.com/INFO/root: Home Page Reached
[2023-04-04 00:20:14,651] dev-dsk-mzahn-1e-e30a3bfc.us-east-1.amazon.com/INFO/root: Home Page Reached
[2023-04-04 00:20:14,653] dev-dsk-mzahn-1e-e30a3bfc.us-east-1.amazon.com/INFO/root: Home Page Reached
[2023-04-04 00:20:14,655] dev-dsk-mzahn-1e-e30a3bfc.us-east-1.amazon.com/INFO/root: Home Page Reached
[2023-04-04 00:20:14,657] dev-dsk-mzahn-1e-e30a3bfc.us-east-1.amazon.com/INFO/root: Home Page Reached
[2023-04-04 00:20:14,657] dev-dsk-mzahn-1e-e30a3bfc.us-east-1.amazon.com/INFO/root: Home Page Reached
[2023-04-04 00:20:14,665] dev-dsk-mzahn-1e-e30a3bfc.us-east-1.amazon.com/INFO/root: Home Page Reached
[2023-04-04 00:20:14,666] dev-dsk-mzahn-1e-e30a3bfc.us-east-1.amazon.com/INFO/root: Home Page Reached
[2023-04-04 00:20:14,669] dev-dsk-mzahn-1e-e30a3bfc.us-east-1.amazon.com/INFO/root: Home Page Reached
[2023-04-04 00:20:14,730] dev-dsk-mzahn-1e-e30a3bfc.us-east-1.amazon.com/INFO/root: Home Page Reached
[2023-04-04 00:20:14,734] dev-dsk-mzahn-1e-e30a3bfc.us-east-1.amazon.com/INFO/root: Home Page Reached
[2023-04-04 00:20:15,721] dev-dsk-mzahn-1e-e30a3bfc.us-east-1.amazon.com/INFO/root: Home Page Reached
[2023-04-04 00:20:15,721] dev-dsk-mzahn-1e-e30a3bfc.us-east-1.amazon.com/INFO/root: Home Page Reached
[2023-04-04 00:20:15,722] dev-dsk-mzahn-1e-e30a3bfc.us-east-1.amazon.com/INFO/root: Home Page Reached
[2023-04-04 00:20:15,723] dev-dsk-mzahn-1e-e30a3bfc.us-east-1.amazon.com/INFO/root: Home Page Reached
[2023-04-04 00:20:15,726] dev-dsk-mzahn-1e-e30a3bfc.us-east-1.amazon.com/INFO/root: Home Page Reached
[2023-04-04 00:20:15,732] dev-dsk-mzahn-1e-e30a3bfc.us-east-1.amazon.com/INFO/root: Home Page Reached
[2023-04-04 00:20:15,734] dev-dsk-mzahn-1e-e30a3bfc.us-east-1.amazon.com/INFO/root: Home Page Reached
[2023-04-04 00:20:15,736] dev-dsk-mzahn-1e-e30a3bfc.us-east-1.amazon.com/INFO/root: Home Page Reached
[2023-04-04 00:20:15,799] dev-dsk-mzahn-1e-e30a3bfc.us-east-1.amazon.com/INFO/root: Home Page Reached
[2023-04-04 00:20:15,802] dev-dsk-mzahn-1e-e30a3bfc.us-east-1.amazon.com/INFO/root: Home Page Reached
[2023-04-04 00:20:16,790] dev-dsk-mzahn-1e-e30a3bfc.us-east-1.amazon.com/INFO/root: Home Page Reached
[2023-04-04 00:20:16,791] dev-dsk-mzahn-1e-e30a3bfc.us-east-1.amazon.com/INFO/root: Home Page Reached
[2023-04-04 00:20:16,792] dev-dsk-mzahn-1e-e30a3bfc.us-east-1.amazon.com/INFO/root: Home Page Reached
[2023-04-04 00:20:16,792] dev-dsk-mzahn-1e-e30a3bfc.us-east-1.amazon.com/INFO/root: Home Page Reached
[2023-04-04 00:20:16,794] dev-dsk-mzahn-1e-e30a3bfc.us-east-1.amazon.com/INFO/root: Home Page Reached
[2023-04-04 00:20:16,801] dev-dsk-mzahn-1e-e30a3bfc.us-east-1.amazon.com/INFO/root: Home Page Reached
[2023-04-04 00:20:16,865] dev-dsk-mzahn-1e-e30a3bfc.us-east-1.amazon.com/INFO/root: Home Page Reached
[2023-04-04 00:20:16,868] dev-dsk-mzahn-1e-e30a3bfc.us-east-1.amazon.com/INFO/root: Home Page Reached
[2023-04-04 00:20:16,868] dev-dsk-mzahn-1e-e30a3bfc.us-east-1.amazon.com/INFO/root: Home Page Reached
[2023-04-04 00:20:16,869] dev-dsk-mzahn-1e-e30a3bfc.us-east-1.amazon.com/INFO/root: Home Page Reached
[2023-04-04 00:20:17,862] dev-dsk-mzahn-1e-e30a3bfc.us-east-1.amazon.com/INFO/root: Home Page Reached
[2023-04-04 00:20:17,863] dev-dsk-mzahn-1e-e30a3bfc.us-east-1.amazon.com/INFO/root: Home Page Reached
[2023-04-04 00:20:17,864] dev-dsk-mzahn-1e-e30a3bfc.us-east-1.amazon.com/INFO/root: Home Page Reached
[2023-04-04 00:20:17,864] dev-dsk-mzahn-1e-e30a3bfc.us-east-1.amazon.com/INFO/root: Home Page Reached
[2023-04-04 00:20:17,865] dev-dsk-mzahn-1e-e30a3bfc.us-east-1.amazon.com/INFO/root: Home Page Reached
[2023-04-04 00:20:17,868] dev-dsk-mzahn-1e-e30a3bfc.us-east-1.amazon.com/INFO/root: Home Page Reached
[2023-04-04 00:20:17,934] dev-dsk-mzahn-1e-e30a3bfc.us-east-1.amazon.com/INFO/root: Home Page Reached
[2023-04-04 00:20:17,935] dev-dsk-mzahn-1e-e30a3bfc.us-east-1.amazon.com/INFO/root: Home Page Reached
[2023-04-04 00:20:17,938] dev-dsk-mzahn-1e-e30a3bfc.us-east-1.amazon.com/INFO/root: Home Page Reached
[2023-04-04 00:20:17,939] dev-dsk-mzahn-1e-e30a3bfc.us-east-1.amazon.com/INFO/root: Home Page Reached
[2023-04-04 00:20:18,932] dev-dsk-mzahn-1e-e30a3bfc.us-east-1.amazon.com/INFO/root: Home Page Reached
[2023-04-04 00:20:18,933] dev-dsk-mzahn-1e-e30a3bfc.us-east-1.amazon.com/INFO/root: Home Page Reached
[2023-04-04 00:20:18,933] dev-dsk-mzahn-1e-e30a3bfc.us-east-1.amazon.com/INFO/root: Home Page Reached
[2023-04-04 00:20:18,934] dev-dsk-mzahn-1e-e30a3bfc.us-east-1.amazon.com/INFO/root: Home Page Reached
[2023-04-04 00:20:18,935] dev-dsk-mzahn-1e-e30a3bfc.us-east-1.amazon.com/INFO/root: Home Page Reached
[2023-04-04 00:20:18,936] dev-dsk-mzahn-1e-e30a3bfc.us-east-1.amazon.com/INFO/root: Home Page Reached
[2023-04-04 00:20:19,001] dev-dsk-mzahn-1e-e30a3bfc.us-east-1.amazon.com/INFO/root: Home Page Reached
[2023-04-04 00:20:19,004] dev-dsk-mzahn-1e-e30a3bfc.us-east-1.amazon.com/INFO/root: Home Page Reached
[2023-04-04 00:20:19,005] dev-dsk-mzahn-1e-e30a3bfc.us-east-1.amazon.com/INFO/root: Home Page Reached
[2023-04-04 00:20:19,007] dev-dsk-mzahn-1e-e30a3bfc.us-east-1.amazon.com/INFO/root: Home Page Reached
[2023-04-04 00:20:20,003] dev-dsk-mzahn-1e-e30a3bfc.us-east-1.amazon.com/INFO/root: Home Page Reached
[2023-04-04 00:20:20,005] dev-dsk-mzahn-1e-e30a3bfc.us-east-1.amazon.com/INFO/root: Home Page Reached
[2023-04-04 00:20:20,005] dev-dsk-mzahn-1e-e30a3bfc.us-east-1.amazon.com/INFO/root: Home Page Reached
[2023-04-04 00:20:20,005] dev-dsk-mzahn-1e-e30a3bfc.us-east-1.amazon.com/INFO/root: Home Page Reached
[2023-04-04 00:20:20,007] dev-dsk-mzahn-1e-e30a3bfc.us-east-1.amazon.com/INFO/root: Home Page Reached
[2023-04-04 00:20:20,007] dev-dsk-mzahn-1e-e30a3bfc.us-east-1.amazon.com/INFO/root: Home Page Reached
[2023-04-04 00:20:20,072] dev-dsk-mzahn-1e-e30a3bfc.us-east-1.amazon.com/INFO/root: Home Page Reached
[2023-04-04 00:20:20,073] dev-dsk-mzahn-1e-e30a3bfc.us-east-1.amazon.com/INFO/root: Home Page Reached
[2023-04-04 00:20:20,074] dev-dsk-mzahn-1e-e30a3bfc.us-east-1.amazon.com/INFO/root: Home Page Reached
[2023-04-04 00:20:20,075] dev-dsk-mzahn-1e-e30a3bfc.us-east-1.amazon.com/INFO/root: Home Page Reached
[2023-04-04 00:20:21,072] dev-dsk-mzahn-1e-e30a3bfc.us-east-1.amazon.com/INFO/root: Home Page Reached
[2023-04-04 00:20:21,074] dev-dsk-mzahn-1e-e30a3bfc.us-east-1.amazon.com/INFO/root: Home Page Reached
[2023-04-04 00:20:21,074] dev-dsk-mzahn-1e-e30a3bfc.us-east-1.amazon.com/INFO/root: Home Page Reached
[2023-04-04 00:20:21,077] dev-dsk-mzahn-1e-e30a3bfc.us-east-1.amazon.com/INFO/root: Home Page Reached
[2023-04-04 00:20:21,077] dev-dsk-mzahn-1e-e30a3bfc.us-east-1.amazon.com/INFO/root: Home Page Reached
[2023-04-04 00:20:21,079] dev-dsk-mzahn-1e-e30a3bfc.us-east-1.amazon.com/INFO/root: Home Page Reached
[2023-04-04 00:20:21,138] dev-dsk-mzahn-1e-e30a3bfc.us-east-1.amazon.com/INFO/root: Home Page Reached
[2023-04-04 00:20:21,144] dev-dsk-mzahn-1e-e30a3bfc.us-east-1.amazon.com/INFO/root: Home Page Reached
[2023-04-04 00:20:21,146] dev-dsk-mzahn-1e-e30a3bfc.us-east-1.amazon.com/INFO/root: Home Page Reached
[2023-04-04 00:20:21,146] dev-dsk-mzahn-1e-e30a3bfc.us-east-1.amazon.com/INFO/root: Home Page Reached
[2023-04-04 00:20:22,141] dev-dsk-mzahn-1e-e30a3bfc.us-east-1.amazon.com/INFO/root: Home Page Reached
[2023-04-04 00:20:22,143] dev-dsk-mzahn-1e-e30a3bfc.us-east-1.amazon.com/INFO/root: Home Page Reached
[2023-04-04 00:20:22,143] dev-dsk-mzahn-1e-e30a3bfc.us-east-1.amazon.com/INFO/root: Home Page Reached
[2023-04-04 00:20:22,144] dev-dsk-mzahn-1e-e30a3bfc.us-east-1.amazon.com/INFO/root: Home Page Reached
[2023-04-04 00:20:22,145] dev-dsk-mzahn-1e-e30a3bfc.us-east-1.amazon.com/INFO/root: Home Page Reached
[2023-04-04 00:20:22,148] dev-dsk-mzahn-1e-e30a3bfc.us-east-1.amazon.com/INFO/root: Home Page Reached
[2023-04-04 00:20:22,207] dev-dsk-mzahn-1e-e30a3bfc.us-east-1.amazon.com/INFO/root: Home Page Reached
[2023-04-04 00:20:22,212] dev-dsk-mzahn-1e-e30a3bfc.us-east-1.amazon.com/INFO/root: Home Page Reached
[2023-04-04 00:20:22,214] dev-dsk-mzahn-1e-e30a3bfc.us-east-1.amazon.com/INFO/root: Home Page Reached
[2023-04-04 00:20:22,216] dev-dsk-mzahn-1e-e30a3bfc.us-east-1.amazon.com/INFO/root: Home Page Reached
[2023-04-04 00:20:23,211] dev-dsk-mzahn-1e-e30a3bfc.us-east-1.amazon.com/INFO/root: Home Page Reached
[2023-04-04 00:20:23,213] dev-dsk-mzahn-1e-e30a3bfc.us-east-1.amazon.com/INFO/root: Home Page Reached
[2023-04-04 00:20:23,214] dev-dsk-mzahn-1e-e30a3bfc.us-east-1.amazon.com/INFO/root: Home Page Reached
[2023-04-04 00:20:23,217] dev-dsk-mzahn-1e-e30a3bfc.us-east-1.amazon.com/INFO/root: Home Page Reached
[2023-04-04 00:20:23,217] dev-dsk-mzahn-1e-e30a3bfc.us-east-1.amazon.com/INFO/root: Home Page Reached
[2023-04-04 00:20:23,218] dev-dsk-mzahn-1e-e30a3bfc.us-east-1.amazon.com/INFO/root: Home Page Reached
[2023-04-04 00:20:23,276] dev-dsk-mzahn-1e-e30a3bfc.us-east-1.amazon.com/INFO/root: Home Page Reached
[2023-04-04 00:20:23,282] dev-dsk-mzahn-1e-e30a3bfc.us-east-1.amazon.com/INFO/root: Home Page Reached
[2023-04-04 00:20:23,283] dev-dsk-mzahn-1e-e30a3bfc.us-east-1.amazon.com/INFO/root: Home Page Reached
[2023-04-04 00:20:23,285] dev-dsk-mzahn-1e-e30a3bfc.us-east-1.amazon.com/INFO/root: Home Page Reached
[2023-04-04 00:20:24,280] dev-dsk-mzahn-1e-e30a3bfc.us-east-1.amazon.com/INFO/root: Home Page Reached
[2023-04-04 00:20:24,281] dev-dsk-mzahn-1e-e30a3bfc.us-east-1.amazon.com/INFO/root: Home Page Reached
[2023-04-04 00:20:24,282] dev-dsk-mzahn-1e-e30a3bfc.us-east-1.amazon.com/INFO/root: Home Page Reached
[2023-04-04 00:20:24,287] dev-dsk-mzahn-1e-e30a3bfc.us-east-1.amazon.com/INFO/root: Home Page Reached
[2023-04-04 00:20:24,288] dev-dsk-mzahn-1e-e30a3bfc.us-east-1.amazon.com/INFO/root: Home Page Reached
[2023-04-04 00:20:24,288] dev-dsk-mzahn-1e-e30a3bfc.us-east-1.amazon.com/INFO/root: Home Page Reached
[2023-04-04 00:20:24,342] dev-dsk-mzahn-1e-e30a3bfc.us-east-1.amazon.com/INFO/root: Home Page Reached
[2023-04-04 00:20:24,351] dev-dsk-mzahn-1e-e30a3bfc.us-east-1.amazon.com/INFO/root: Home Page Reached
[2023-04-04 00:20:24,352] dev-dsk-mzahn-1e-e30a3bfc.us-east-1.amazon.com/INFO/root: Home Page Reached
[2023-04-04 00:20:24,354] dev-dsk-mzahn-1e-e30a3bfc.us-east-1.amazon.com/INFO/root: Home Page Reached
[2023-04-04 00:20:25,348] dev-dsk-mzahn-1e-e30a3bfc.us-east-1.amazon.com/INFO/root: Home Page Reached
[2023-04-04 00:20:25,350] dev-dsk-mzahn-1e-e30a3bfc.us-east-1.amazon.com/INFO/root: Home Page Reached
[2023-04-04 00:20:25,350] dev-dsk-mzahn-1e-e30a3bfc.us-east-1.amazon.com/INFO/root: Home Page Reached
[2023-04-04 00:20:25,355] dev-dsk-mzahn-1e-e30a3bfc.us-east-1.amazon.com/INFO/root: Home Page Reached
[2023-04-04 00:20:25,357] dev-dsk-mzahn-1e-e30a3bfc.us-east-1.amazon.com/INFO/root: Home Page Reached
[2023-04-04 00:20:25,358] dev-dsk-mzahn-1e-e30a3bfc.us-east-1.amazon.com/INFO/root: Home Page Reached
[2023-04-04 00:20:25,412] dev-dsk-mzahn-1e-e30a3bfc.us-east-1.amazon.com/INFO/root: Home Page Reached
[2023-04-04 00:20:25,418] dev-dsk-mzahn-1e-e30a3bfc.us-east-1.amazon.com/INFO/root: Home Page Reached
[2023-04-04 00:20:25,420] dev-dsk-mzahn-1e-e30a3bfc.us-east-1.amazon.com/INFO/root: Home Page Reached
[2023-04-04 00:20:25,422] dev-dsk-mzahn-1e-e30a3bfc.us-east-1.amazon.com/INFO/root: Home Page Reached
[2023-04-04 00:20:26,415] dev-dsk-mzahn-1e-e30a3bfc.us-east-1.amazon.com/INFO/root: Home Page Reached
[2023-04-04 00:20:26,417] dev-dsk-mzahn-1e-e30a3bfc.us-east-1.amazon.com/INFO/root: Home Page Reached
[2023-04-04 00:20:26,418] dev-dsk-mzahn-1e-e30a3bfc.us-east-1.amazon.com/INFO/root: Home Page Reached
[2023-04-04 00:20:26,425] dev-dsk-mzahn-1e-e30a3bfc.us-east-1.amazon.com/INFO/root: Home Page Reached
[2023-04-04 00:20:26,425] dev-dsk-mzahn-1e-e30a3bfc.us-east-1.amazon.com/INFO/root: Home Page Reached
[2023-04-04 00:20:26,427] dev-dsk-mzahn-1e-e30a3bfc.us-east-1.amazon.com/INFO/root: Home Page Reached
[2023-04-04 00:20:26,481] dev-dsk-mzahn-1e-e30a3bfc.us-east-1.amazon.com/INFO/root: Home Page Reached
[2023-04-04 00:20:26,487] dev-dsk-mzahn-1e-e30a3bfc.us-east-1.amazon.com/INFO/root: Home Page Reached
[2023-04-04 00:20:26,489] dev-dsk-mzahn-1e-e30a3bfc.us-east-1.amazon.com/INFO/root: Home Page Reached
[2023-04-04 00:20:26,489] dev-dsk-mzahn-1e-e30a3bfc.us-east-1.amazon.com/INFO/root: Home Page Reached
[2023-04-04 00:20:27,484] dev-dsk-mzahn-1e-e30a3bfc.us-east-1.amazon.com/INFO/root: Home Page Reached
[2023-04-04 00:20:27,485] dev-dsk-mzahn-1e-e30a3bfc.us-east-1.amazon.com/INFO/root: Home Page Reached
[2023-04-04 00:20:27,485] dev-dsk-mzahn-1e-e30a3bfc.us-east-1.amazon.com/INFO/root: Home Page Reached
[2023-04-04 00:20:27,495] dev-dsk-mzahn-1e-e30a3bfc.us-east-1.amazon.com/INFO/root: Home Page Reached
[2023-04-04 00:20:27,496] dev-dsk-mzahn-1e-e30a3bfc.us-east-1.amazon.com/INFO/root: Home Page Reached
[2023-04-04 00:20:27,496] dev-dsk-mzahn-1e-e30a3bfc.us-east-1.amazon.com/INFO/root: Home Page Reached
[2023-04-04 00:20:27,549] dev-dsk-mzahn-1e-e30a3bfc.us-east-1.amazon.com/INFO/root: Home Page Reached
[2023-04-04 00:20:27,553] dev-dsk-mzahn-1e-e30a3bfc.us-east-1.amazon.com/INFO/root: Home Page Reached
[2023-04-04 00:20:27,554] dev-dsk-mzahn-1e-e30a3bfc.us-east-1.amazon.com/INFO/root: Home Page Reached
[2023-04-04 00:20:27,558] dev-dsk-mzahn-1e-e30a3bfc.us-east-1.amazon.com/INFO/root: Home Page Reached
[2023-04-04 00:20:28,553] dev-dsk-mzahn-1e-e30a3bfc.us-east-1.amazon.com/INFO/root: Home Page Reached
[2023-04-04 00:20:28,555] dev-dsk-mzahn-1e-e30a3bfc.us-east-1.amazon.com/INFO/root: Home Page Reached
[2023-04-04 00:20:28,557] dev-dsk-mzahn-1e-e30a3bfc.us-east-1.amazon.com/INFO/root: Home Page Reached
[2023-04-04 00:20:28,562] dev-dsk-mzahn-1e-e30a3bfc.us-east-1.amazon.com/INFO/root: Home Page Reached
[2023-04-04 00:20:28,563] dev-dsk-mzahn-1e-e30a3bfc.us-east-1.amazon.com/INFO/root: Home Page Reached
[2023-04-04 00:20:28,564] dev-dsk-mzahn-1e-e30a3bfc.us-east-1.amazon.com/INFO/root: Home Page Reached
[2023-04-04 00:20:28,618] dev-dsk-mzahn-1e-e30a3bfc.us-east-1.amazon.com/INFO/root: Home Page Reached
[2023-04-04 00:20:28,624] dev-dsk-mzahn-1e-e30a3bfc.us-east-1.amazon.com/INFO/root: Home Page Reached
[2023-04-04 00:20:28,624] dev-dsk-mzahn-1e-e30a3bfc.us-east-1.amazon.com/INFO/root: Home Page Reached
[2023-04-04 00:20:28,629] dev-dsk-mzahn-1e-e30a3bfc.us-east-1.amazon.com/INFO/root: Home Page Reached
[2023-04-04 00:20:29,621] dev-dsk-mzahn-1e-e30a3bfc.us-east-1.amazon.com/INFO/root: Home Page Reached
[2023-04-04 00:20:29,623] dev-dsk-mzahn-1e-e30a3bfc.us-east-1.amazon.com/INFO/root: Home Page Reached
[2023-04-04 00:20:29,623] dev-dsk-mzahn-1e-e30a3bfc.us-east-1.amazon.com/INFO/root: Home Page Reached
[2023-04-04 00:20:29,630] dev-dsk-mzahn-1e-e30a3bfc.us-east-1.amazon.com/INFO/root: Home Page Reached
[2023-04-04 00:20:29,631] dev-dsk-mzahn-1e-e30a3bfc.us-east-1.amazon.com/INFO/root: Home Page Reached
[2023-04-04 00:20:29,632] dev-dsk-mzahn-1e-e30a3bfc.us-east-1.amazon.com/INFO/root: Home Page Reached
[2023-04-04 00:20:29,689] dev-dsk-mzahn-1e-e30a3bfc.us-east-1.amazon.com/INFO/root: Home Page Reached
[2023-04-04 00:20:29,690] dev-dsk-mzahn-1e-e30a3bfc.us-east-1.amazon.com/INFO/root: Home Page Reached
[2023-04-04 00:20:29,693] dev-dsk-mzahn-1e-e30a3bfc.us-east-1.amazon.com/INFO/root: Home Page Reached
[2023-04-04 00:20:29,697] dev-dsk-mzahn-1e-e30a3bfc.us-east-1.amazon.com/INFO/root: Home Page Reached
[2023-04-04 00:20:30,689] dev-dsk-mzahn-1e-e30a3bfc.us-east-1.amazon.com/INFO/root: Home Page Reached
[2023-04-04 00:20:30,692] dev-dsk-mzahn-1e-e30a3bfc.us-east-1.amazon.com/INFO/root: Home Page Reached
[2023-04-04 00:20:30,693] dev-dsk-mzahn-1e-e30a3bfc.us-east-1.amazon.com/INFO/root: Home Page Reached
[2023-04-04 00:20:30,699] dev-dsk-mzahn-1e-e30a3bfc.us-east-1.amazon.com/INFO/root: Home Page Reached
[2023-04-04 00:20:30,700] dev-dsk-mzahn-1e-e30a3bfc.us-east-1.amazon.com/INFO/root: Home Page Reached
[2023-04-04 00:20:30,701] dev-dsk-mzahn-1e-e30a3bfc.us-east-1.amazon.com/INFO/root: Home Page Reached
[2023-04-04 00:20:30,757] dev-dsk-mzahn-1e-e30a3bfc.us-east-1.amazon.com/INFO/root: Home Page Reached
[2023-04-04 00:20:30,758] dev-dsk-mzahn-1e-e30a3bfc.us-east-1.amazon.com/INFO/root: Home Page Reached
[2023-04-04 00:20:30,762] dev-dsk-mzahn-1e-e30a3bfc.us-east-1.amazon.com/INFO/root: Home Page Reached
[2023-04-04 00:20:30,766] dev-dsk-mzahn-1e-e30a3bfc.us-east-1.amazon.com/INFO/root: Home Page Reached
[2023-04-04 00:20:31,757] dev-dsk-mzahn-1e-e30a3bfc.us-east-1.amazon.com/INFO/root: Home Page Reached
[2023-04-04 00:20:31,758] dev-dsk-mzahn-1e-e30a3bfc.us-east-1.amazon.com/INFO/root: Home Page Reached
[2023-04-04 00:20:31,761] dev-dsk-mzahn-1e-e30a3bfc.us-east-1.amazon.com/INFO/root: Home Page Reached
[2023-04-04 00:20:31,766] dev-dsk-mzahn-1e-e30a3bfc.us-east-1.amazon.com/INFO/root: Home Page Reached
[2023-04-04 00:20:31,768] dev-dsk-mzahn-1e-e30a3bfc.us-east-1.amazon.com/INFO/root: Home Page Reached
[2023-04-04 00:20:31,770] dev-dsk-mzahn-1e-e30a3bfc.us-east-1.amazon.com/INFO/root: Home Page Reached
[2023-04-04 00:20:31,825] dev-dsk-mzahn-1e-e30a3bfc.us-east-1.amazon.com/INFO/root: Home Page Reached
[2023-04-04 00:20:31,828] dev-dsk-mzahn-1e-e30a3bfc.us-east-1.amazon.com/INFO/root: Home Page Reached
[2023-04-04 00:20:31,830] dev-dsk-mzahn-1e-e30a3bfc.us-east-1.amazon.com/INFO/root: Home Page Reached
[2023-04-04 00:20:31,834] dev-dsk-mzahn-1e-e30a3bfc.us-east-1.amazon.com/INFO/root: Home Page Reached
[2023-04-04 00:20:32,824] dev-dsk-mzahn-1e-e30a3bfc.us-east-1.amazon.com/INFO/root: Home Page Reached
[2023-04-04 00:20:32,826] dev-dsk-mzahn-1e-e30a3bfc.us-east-1.amazon.com/INFO/root: Home Page Reached
[2023-04-04 00:20:32,830] dev-dsk-mzahn-1e-e30a3bfc.us-east-1.amazon.com/INFO/root: Home Page Reached
[2023-04-04 00:20:32,831] dev-dsk-mzahn-1e-e30a3bfc.us-east-1.amazon.com/INFO/root: Home Page Reached
[2023-04-04 00:20:32,836] dev-dsk-mzahn-1e-e30a3bfc.us-east-1.amazon.com/INFO/root: Home Page Reached
[2023-04-04 00:20:32,838] dev-dsk-mzahn-1e-e30a3bfc.us-east-1.amazon.com/INFO/root: Home Page Reached
[2023-04-04 00:20:32,892] dev-dsk-mzahn-1e-e30a3bfc.us-east-1.amazon.com/INFO/root: Home Page Reached
[2023-04-04 00:20:32,896] dev-dsk-mzahn-1e-e30a3bfc.us-east-1.amazon.com/INFO/root: Home Page Reached
[2023-04-04 00:20:32,898] dev-dsk-mzahn-1e-e30a3bfc.us-east-1.amazon.com/INFO/root: Home Page Reached
[2023-04-04 00:20:32,902] dev-dsk-mzahn-1e-e30a3bfc.us-east-1.amazon.com/INFO/root: Home Page Reached
[2023-04-04 00:20:33,891] dev-dsk-mzahn-1e-e30a3bfc.us-east-1.amazon.com/INFO/root: Home Page Reached
[2023-04-04 00:20:33,895] dev-dsk-mzahn-1e-e30a3bfc.us-east-1.amazon.com/INFO/root: Home Page Reached
[2023-04-04 00:20:33,898] dev-dsk-mzahn-1e-e30a3bfc.us-east-1.amazon.com/INFO/root: Home Page Reached
[2023-04-04 00:20:33,899] dev-dsk-mzahn-1e-e30a3bfc.us-east-1.amazon.com/INFO/root: Home Page Reached
[2023-04-04 00:20:33,905] dev-dsk-mzahn-1e-e30a3bfc.us-east-1.amazon.com/INFO/root: Home Page Reached
[2023-04-04 00:20:33,908] dev-dsk-mzahn-1e-e30a3bfc.us-east-1.amazon.com/INFO/root: Home Page Reached
[2023-04-04 00:20:33,960] dev-dsk-mzahn-1e-e30a3bfc.us-east-1.amazon.com/INFO/root: Home Page Reached
[2023-04-04 00:20:33,964] dev-dsk-mzahn-1e-e30a3bfc.us-east-1.amazon.com/INFO/root: Home Page Reached
[2023-04-04 00:20:33,966] dev-dsk-mzahn-1e-e30a3bfc.us-east-1.amazon.com/INFO/root: Home Page Reached
[2023-04-04 00:20:33,971] dev-dsk-mzahn-1e-e30a3bfc.us-east-1.amazon.com/INFO/root: Home Page Reached
[2023-04-04 00:20:34,767] dev-dsk-mzahn-1e-e30a3bfc.us-east-1.amazon.com/INFO/locust.main: Shutting down (exit code 0)
