[2023-04-03 23:01:26,695] dev-dsk-mzahn-1e-e30a3bfc.us-east-1.amazon.com/INFO/locust.main: No run time limit set, use CTRL+C to interrupt
[2023-04-03 23:01:26,695] dev-dsk-mzahn-1e-e30a3bfc.us-east-1.amazon.com/INFO/locust.main: Starting Locust 2.15.1
[2023-04-03 23:01:26,696] dev-dsk-mzahn-1e-e30a3bfc.us-east-1.amazon.com/INFO/locust.runners: Ramping to 10 users at a rate of 60.00 per second
[2023-04-03 23:01:26,698] dev-dsk-mzahn-1e-e30a3bfc.us-east-1.amazon.com/INFO/locust.runners: All users spawned: {"LoadTest": 10} (10 total users)
[2023-04-03 23:01:26,843] dev-dsk-mzahn-1e-e30a3bfc.us-east-1.amazon.com/INFO/root: Home Page Reached
[2023-04-03 23:01:26,845] dev-dsk-mzahn-1e-e30a3bfc.us-east-1.amazon.com/INFO/root: Home Page Reached
[2023-04-03 23:01:26,846] dev-dsk-mzahn-1e-e30a3bfc.us-east-1.amazon.com/INFO/root: Home Page Reached
[2023-04-03 23:01:26,847] dev-dsk-mzahn-1e-e30a3bfc.us-east-1.amazon.com/INFO/root: Home Page Reached
[2023-04-03 23:01:26,847] dev-dsk-mzahn-1e-e30a3bfc.us-east-1.amazon.com/INFO/root: Home Page Reached
[2023-04-03 23:01:26,848] dev-dsk-mzahn-1e-e30a3bfc.us-east-1.amazon.com/INFO/root: Home Page Reached
[2023-04-03 23:01:26,849] dev-dsk-mzahn-1e-e30a3bfc.us-east-1.amazon.com/INFO/root: Home Page Reached
[2023-04-03 23:01:26,850] dev-dsk-mzahn-1e-e30a3bfc.us-east-1.amazon.com/INFO/root: Home Page Reached
[2023-04-03 23:01:26,850] dev-dsk-mzahn-1e-e30a3bfc.us-east-1.amazon.com/INFO/root: Home Page Reached
[2023-04-03 23:01:26,851] dev-dsk-mzahn-1e-e30a3bfc.us-east-1.amazon.com/INFO/root: Home Page Reached
[2023-04-03 23:01:27,910] dev-dsk-mzahn-1e-e30a3bfc.us-east-1.amazon.com/INFO/root: Home Page Reached
[2023-04-03 23:01:27,911] dev-dsk-mzahn-1e-e30a3bfc.us-east-1.amazon.com/INFO/root: Home Page Reached
[2023-04-03 23:01:27,913] dev-dsk-mzahn-1e-e30a3bfc.us-east-1.amazon.com/INFO/root: Home Page Reached
[2023-04-03 23:01:27,915] dev-dsk-mzahn-1e-e30a3bfc.us-east-1.amazon.com/INFO/root: Home Page Reached
[2023-04-03 23:01:27,915] dev-dsk-mzahn-1e-e30a3bfc.us-east-1.amazon.com/INFO/root: Home Page Reached
[2023-04-03 23:01:27,917] dev-dsk-mzahn-1e-e30a3bfc.us-east-1.amazon.com/INFO/root: Home Page Reached
[2023-04-03 23:01:27,918] dev-dsk-mzahn-1e-e30a3bfc.us-east-1.amazon.com/INFO/root: Home Page Reached
[2023-04-03 23:01:27,919] dev-dsk-mzahn-1e-e30a3bfc.us-east-1.amazon.com/INFO/root: Home Page Reached
[2023-04-03 23:01:27,919] dev-dsk-mzahn-1e-e30a3bfc.us-east-1.amazon.com/INFO/root: Home Page Reached
[2023-04-03 23:01:27,920] dev-dsk-mzahn-1e-e30a3bfc.us-east-1.amazon.com/INFO/root: Home Page Reached
[2023-04-03 23:01:28,976] dev-dsk-mzahn-1e-e30a3bfc.us-east-1.amazon.com/INFO/root: Home Page Reached
[2023-04-03 23:01:28,978] dev-dsk-mzahn-1e-e30a3bfc.us-east-1.amazon.com/INFO/root: Home Page Reached
[2023-04-03 23:01:28,978] dev-dsk-mzahn-1e-e30a3bfc.us-east-1.amazon.com/INFO/root: Home Page Reached
[2023-04-03 23:01:28,981] dev-dsk-mzahn-1e-e30a3bfc.us-east-1.amazon.com/INFO/root: Home Page Reached
[2023-04-03 23:01:28,982] dev-dsk-mzahn-1e-e30a3bfc.us-east-1.amazon.com/INFO/root: Home Page Reached
[2023-04-03 23:01:28,984] dev-dsk-mzahn-1e-e30a3bfc.us-east-1.amazon.com/INFO/root: Home Page Reached
[2023-04-03 23:01:28,985] dev-dsk-mzahn-1e-e30a3bfc.us-east-1.amazon.com/INFO/root: Home Page Reached
[2023-04-03 23:01:28,986] dev-dsk-mzahn-1e-e30a3bfc.us-east-1.amazon.com/INFO/root: Home Page Reached
[2023-04-03 23:01:28,987] dev-dsk-mzahn-1e-e30a3bfc.us-east-1.amazon.com/INFO/root: Home Page Reached
[2023-04-03 23:01:28,988] dev-dsk-mzahn-1e-e30a3bfc.us-east-1.amazon.com/INFO/root: Home Page Reached
[2023-04-03 23:01:30,041] dev-dsk-mzahn-1e-e30a3bfc.us-east-1.amazon.com/INFO/root: Home Page Reached
[2023-04-03 23:01:30,044] dev-dsk-mzahn-1e-e30a3bfc.us-east-1.amazon.com/INFO/root: Home Page Reached
[2023-04-03 23:01:30,045] dev-dsk-mzahn-1e-e30a3bfc.us-east-1.amazon.com/INFO/root: Home Page Reached
[2023-04-03 23:01:30,046] dev-dsk-mzahn-1e-e30a3bfc.us-east-1.amazon.com/INFO/root: Home Page Reached
[2023-04-03 23:01:30,048] dev-dsk-mzahn-1e-e30a3bfc.us-east-1.amazon.com/INFO/root: Home Page Reached
[2023-04-03 23:01:30,051] dev-dsk-mzahn-1e-e30a3bfc.us-east-1.amazon.com/INFO/root: Home Page Reached
[2023-04-03 23:01:30,052] dev-dsk-mzahn-1e-e30a3bfc.us-east-1.amazon.com/INFO/root: Home Page Reached
[2023-04-03 23:01:30,052] dev-dsk-mzahn-1e-e30a3bfc.us-east-1.amazon.com/INFO/root: Home Page Reached
[2023-04-03 23:01:30,055] dev-dsk-mzahn-1e-e30a3bfc.us-east-1.amazon.com/INFO/root: Home Page Reached
[2023-04-03 23:01:30,056] dev-dsk-mzahn-1e-e30a3bfc.us-east-1.amazon.com/INFO/root: Home Page Reached
[2023-04-03 23:01:31,106] dev-dsk-mzahn-1e-e30a3bfc.us-east-1.amazon.com/INFO/root: Home Page Reached
[2023-04-03 23:01:31,110] dev-dsk-mzahn-1e-e30a3bfc.us-east-1.amazon.com/INFO/root: Home Page Reached
[2023-04-03 23:01:31,110] dev-dsk-mzahn-1e-e30a3bfc.us-east-1.amazon.com/INFO/root: Home Page Reached
[2023-04-03 23:01:31,112] dev-dsk-mzahn-1e-e30a3bfc.us-east-1.amazon.com/INFO/root: Home Page Reached
[2023-04-03 23:01:31,115] dev-dsk-mzahn-1e-e30a3bfc.us-east-1.amazon.com/INFO/root: Home Page Reached
[2023-04-03 23:01:31,119] dev-dsk-mzahn-1e-e30a3bfc.us-east-1.amazon.com/INFO/root: Home Page Reached
[2023-04-03 23:01:31,120] dev-dsk-mzahn-1e-e30a3bfc.us-east-1.amazon.com/INFO/root: Home Page Reached
[2023-04-03 23:01:31,120] dev-dsk-mzahn-1e-e30a3bfc.us-east-1.amazon.com/INFO/root: Home Page Reached
[2023-04-03 23:01:31,123] dev-dsk-mzahn-1e-e30a3bfc.us-east-1.amazon.com/INFO/root: Home Page Reached
[2023-04-03 23:01:31,124] dev-dsk-mzahn-1e-e30a3bfc.us-east-1.amazon.com/INFO/root: Home Page Reached
[2023-04-03 23:01:32,171] dev-dsk-mzahn-1e-e30a3bfc.us-east-1.amazon.com/INFO/root: Home Page Reached
[2023-04-03 23:01:32,176] dev-dsk-mzahn-1e-e30a3bfc.us-east-1.amazon.com/INFO/root: Home Page Reached
[2023-04-03 23:01:32,177] dev-dsk-mzahn-1e-e30a3bfc.us-east-1.amazon.com/INFO/root: Home Page Reached
[2023-04-03 23:01:32,177] dev-dsk-mzahn-1e-e30a3bfc.us-east-1.amazon.com/INFO/root: Home Page Reached
[2023-04-03 23:01:32,181] dev-dsk-mzahn-1e-e30a3bfc.us-east-1.amazon.com/INFO/root: Home Page Reached
[2023-04-03 23:01:32,187] dev-dsk-mzahn-1e-e30a3bfc.us-east-1.amazon.com/INFO/root: Home Page Reached
[2023-04-03 23:01:32,188] dev-dsk-mzahn-1e-e30a3bfc.us-east-1.amazon.com/INFO/root: Home Page Reached
[2023-04-03 23:01:32,188] dev-dsk-mzahn-1e-e30a3bfc.us-east-1.amazon.com/INFO/root: Home Page Reached
[2023-04-03 23:01:32,191] dev-dsk-mzahn-1e-e30a3bfc.us-east-1.amazon.com/INFO/root: Home Page Reached
[2023-04-03 23:01:32,191] dev-dsk-mzahn-1e-e30a3bfc.us-east-1.amazon.com/INFO/root: Home Page Reached
[2023-04-03 23:01:33,236] dev-dsk-mzahn-1e-e30a3bfc.us-east-1.amazon.com/INFO/root: Home Page Reached
[2023-04-03 23:01:33,241] dev-dsk-mzahn-1e-e30a3bfc.us-east-1.amazon.com/INFO/root: Home Page Reached
[2023-04-03 23:01:33,243] dev-dsk-mzahn-1e-e30a3bfc.us-east-1.amazon.com/INFO/root: Home Page Reached
[2023-04-03 23:01:33,244] dev-dsk-mzahn-1e-e30a3bfc.us-east-1.amazon.com/INFO/root: Home Page Reached
[2023-04-03 23:01:33,247] dev-dsk-mzahn-1e-e30a3bfc.us-east-1.amazon.com/INFO/root: Home Page Reached
[2023-04-03 23:01:33,255] dev-dsk-mzahn-1e-e30a3bfc.us-east-1.amazon.com/INFO/root: Home Page Reached
[2023-04-03 23:01:33,256] dev-dsk-mzahn-1e-e30a3bfc.us-east-1.amazon.com/INFO/root: Home Page Reached
[2023-04-03 23:01:33,256] dev-dsk-mzahn-1e-e30a3bfc.us-east-1.amazon.com/INFO/root: Home Page Reached
[2023-04-03 23:01:33,259] dev-dsk-mzahn-1e-e30a3bfc.us-east-1.amazon.com/INFO/root: Home Page Reached
[2023-04-03 23:01:33,259] dev-dsk-mzahn-1e-e30a3bfc.us-east-1.amazon.com/INFO/root: Home Page Reached
[2023-04-03 23:01:34,302] dev-dsk-mzahn-1e-e30a3bfc.us-east-1.amazon.com/INFO/root: Home Page Reached
[2023-04-03 23:01:34,306] dev-dsk-mzahn-1e-e30a3bfc.us-east-1.amazon.com/INFO/root: Home Page Reached
[2023-04-03 23:01:34,309] dev-dsk-mzahn-1e-e30a3bfc.us-east-1.amazon.com/INFO/root: Home Page Reached
[2023-04-03 23:01:34,309] dev-dsk-mzahn-1e-e30a3bfc.us-east-1.amazon.com/INFO/root: Home Page Reached
[2023-04-03 23:01:34,313] dev-dsk-mzahn-1e-e30a3bfc.us-east-1.amazon.com/INFO/root: Home Page Reached
[2023-04-03 23:01:34,322] dev-dsk-mzahn-1e-e30a3bfc.us-east-1.amazon.com/INFO/root: Home Page Reached
[2023-04-03 23:01:34,323] dev-dsk-mzahn-1e-e30a3bfc.us-east-1.amazon.com/INFO/root: Home Page Reached
[2023-04-03 23:01:34,324] dev-dsk-mzahn-1e-e30a3bfc.us-east-1.amazon.com/INFO/root: Home Page Reached
[2023-04-03 23:01:34,327] dev-dsk-mzahn-1e-e30a3bfc.us-east-1.amazon.com/INFO/root: Home Page Reached
[2023-04-03 23:01:34,327] dev-dsk-mzahn-1e-e30a3bfc.us-east-1.amazon.com/INFO/root: Home Page Reached
[2023-04-03 23:01:35,366] dev-dsk-mzahn-1e-e30a3bfc.us-east-1.amazon.com/INFO/root: Home Page Reached
[2023-04-03 23:01:35,372] dev-dsk-mzahn-1e-e30a3bfc.us-east-1.amazon.com/INFO/root: Home Page Reached
[2023-04-03 23:01:35,375] dev-dsk-mzahn-1e-e30a3bfc.us-east-1.amazon.com/INFO/root: Home Page Reached
[2023-04-03 23:01:35,375] dev-dsk-mzahn-1e-e30a3bfc.us-east-1.amazon.com/INFO/root: Home Page Reached
[2023-04-03 23:01:35,380] dev-dsk-mzahn-1e-e30a3bfc.us-east-1.amazon.com/INFO/root: Home Page Reached
[2023-04-03 23:01:35,388] dev-dsk-mzahn-1e-e30a3bfc.us-east-1.amazon.com/INFO/root: Home Page Reached
[2023-04-03 23:01:35,390] dev-dsk-mzahn-1e-e30a3bfc.us-east-1.amazon.com/INFO/root: Home Page Reached
[2023-04-03 23:01:35,391] dev-dsk-mzahn-1e-e30a3bfc.us-east-1.amazon.com/INFO/root: Home Page Reached
[2023-04-03 23:01:35,394] dev-dsk-mzahn-1e-e30a3bfc.us-east-1.amazon.com/INFO/root: Home Page Reached
[2023-04-03 23:01:35,395] dev-dsk-mzahn-1e-e30a3bfc.us-east-1.amazon.com/INFO/root: Home Page Reached
[2023-04-03 23:01:36,431] dev-dsk-mzahn-1e-e30a3bfc.us-east-1.amazon.com/INFO/root: Home Page Reached
[2023-04-03 23:01:36,437] dev-dsk-mzahn-1e-e30a3bfc.us-east-1.amazon.com/INFO/root: Home Page Reached
[2023-04-03 23:01:36,441] dev-dsk-mzahn-1e-e30a3bfc.us-east-1.amazon.com/INFO/root: Home Page Reached
[2023-04-03 23:01:36,441] dev-dsk-mzahn-1e-e30a3bfc.us-east-1.amazon.com/INFO/root: Home Page Reached
[2023-04-03 23:01:36,446] dev-dsk-mzahn-1e-e30a3bfc.us-east-1.amazon.com/INFO/root: Home Page Reached
[2023-04-03 23:01:36,456] dev-dsk-mzahn-1e-e30a3bfc.us-east-1.amazon.com/INFO/root: Home Page Reached
[2023-04-03 23:01:36,457] dev-dsk-mzahn-1e-e30a3bfc.us-east-1.amazon.com/INFO/root: Home Page Reached
[2023-04-03 23:01:36,457] dev-dsk-mzahn-1e-e30a3bfc.us-east-1.amazon.com/INFO/root: Home Page Reached
[2023-04-03 23:01:36,462] dev-dsk-mzahn-1e-e30a3bfc.us-east-1.amazon.com/INFO/root: Home Page Reached
[2023-04-03 23:01:36,463] dev-dsk-mzahn-1e-e30a3bfc.us-east-1.amazon.com/INFO/root: Home Page Reached
[2023-04-03 23:01:37,496] dev-dsk-mzahn-1e-e30a3bfc.us-east-1.amazon.com/INFO/root: Home Page Reached
[2023-04-03 23:01:37,503] dev-dsk-mzahn-1e-e30a3bfc.us-east-1.amazon.com/INFO/root: Home Page Reached
[2023-04-03 23:01:37,507] dev-dsk-mzahn-1e-e30a3bfc.us-east-1.amazon.com/INFO/root: Home Page Reached
[2023-04-03 23:01:37,508] dev-dsk-mzahn-1e-e30a3bfc.us-east-1.amazon.com/INFO/root: Home Page Reached
[2023-04-03 23:01:37,512] dev-dsk-mzahn-1e-e30a3bfc.us-east-1.amazon.com/INFO/root: Home Page Reached
[2023-04-03 23:01:37,523] dev-dsk-mzahn-1e-e30a3bfc.us-east-1.amazon.com/INFO/root: Home Page Reached
[2023-04-03 23:01:37,524] dev-dsk-mzahn-1e-e30a3bfc.us-east-1.amazon.com/INFO/root: Home Page Reached
[2023-04-03 23:01:37,525] dev-dsk-mzahn-1e-e30a3bfc.us-east-1.amazon.com/INFO/root: Home Page Reached
[2023-04-03 23:01:37,531] dev-dsk-mzahn-1e-e30a3bfc.us-east-1.amazon.com/INFO/root: Home Page Reached
[2023-04-03 23:01:37,532] dev-dsk-mzahn-1e-e30a3bfc.us-east-1.amazon.com/INFO/root: Home Page Reached
[2023-04-03 23:01:38,560] dev-dsk-mzahn-1e-e30a3bfc.us-east-1.amazon.com/INFO/root: Home Page Reached
[2023-04-03 23:01:38,567] dev-dsk-mzahn-1e-e30a3bfc.us-east-1.amazon.com/INFO/root: Home Page Reached
[2023-04-03 23:01:38,573] dev-dsk-mzahn-1e-e30a3bfc.us-east-1.amazon.com/INFO/root: Home Page Reached
[2023-04-03 23:01:38,573] dev-dsk-mzahn-1e-e30a3bfc.us-east-1.amazon.com/INFO/root: Home Page Reached
[2023-04-03 23:01:38,578] dev-dsk-mzahn-1e-e30a3bfc.us-east-1.amazon.com/INFO/root: Home Page Reached
[2023-04-03 23:01:38,590] dev-dsk-mzahn-1e-e30a3bfc.us-east-1.amazon.com/INFO/root: Home Page Reached
[2023-04-03 23:01:38,591] dev-dsk-mzahn-1e-e30a3bfc.us-east-1.amazon.com/INFO/root: Home Page Reached
[2023-04-03 23:01:38,592] dev-dsk-mzahn-1e-e30a3bfc.us-east-1.amazon.com/INFO/root: Home Page Reached
[2023-04-03 23:01:38,598] dev-dsk-mzahn-1e-e30a3bfc.us-east-1.amazon.com/INFO/root: Home Page Reached
[2023-04-03 23:01:38,599] dev-dsk-mzahn-1e-e30a3bfc.us-east-1.amazon.com/INFO/root: Home Page Reached
[2023-04-03 23:01:39,625] dev-dsk-mzahn-1e-e30a3bfc.us-east-1.amazon.com/INFO/root: Home Page Reached
[2023-04-03 23:01:39,633] dev-dsk-mzahn-1e-e30a3bfc.us-east-1.amazon.com/INFO/root: Home Page Reached
[2023-04-03 23:01:39,639] dev-dsk-mzahn-1e-e30a3bfc.us-east-1.amazon.com/INFO/root: Home Page Reached
[2023-04-03 23:01:39,640] dev-dsk-mzahn-1e-e30a3bfc.us-east-1.amazon.com/INFO/root: Home Page Reached
[2023-04-03 23:01:39,644] dev-dsk-mzahn-1e-e30a3bfc.us-east-1.amazon.com/INFO/root: Home Page Reached
[2023-04-03 23:01:39,657] dev-dsk-mzahn-1e-e30a3bfc.us-east-1.amazon.com/INFO/root: Home Page Reached
[2023-04-03 23:01:39,658] dev-dsk-mzahn-1e-e30a3bfc.us-east-1.amazon.com/INFO/root: Home Page Reached
[2023-04-03 23:01:39,659] dev-dsk-mzahn-1e-e30a3bfc.us-east-1.amazon.com/INFO/root: Home Page Reached
[2023-04-03 23:01:39,666] dev-dsk-mzahn-1e-e30a3bfc.us-east-1.amazon.com/INFO/root: Home Page Reached
[2023-04-03 23:01:39,667] dev-dsk-mzahn-1e-e30a3bfc.us-east-1.amazon.com/INFO/root: Home Page Reached
[2023-04-03 23:01:40,700] dev-dsk-mzahn-1e-e30a3bfc.us-east-1.amazon.com/INFO/root: Home Page Reached
[2023-04-03 23:01:40,701] dev-dsk-mzahn-1e-e30a3bfc.us-east-1.amazon.com/INFO/root: Home Page Reached
[2023-04-03 23:01:40,713] dev-dsk-mzahn-1e-e30a3bfc.us-east-1.amazon.com/INFO/root: Home Page Reached
[2023-04-03 23:01:40,713] dev-dsk-mzahn-1e-e30a3bfc.us-east-1.amazon.com/INFO/root: Home Page Reached
[2023-04-03 23:01:40,714] dev-dsk-mzahn-1e-e30a3bfc.us-east-1.amazon.com/INFO/root: Home Page Reached
[2023-04-03 23:01:40,727] dev-dsk-mzahn-1e-e30a3bfc.us-east-1.amazon.com/INFO/root: Home Page Reached
[2023-04-03 23:01:40,728] dev-dsk-mzahn-1e-e30a3bfc.us-east-1.amazon.com/INFO/root: Home Page Reached
[2023-04-03 23:01:40,729] dev-dsk-mzahn-1e-e30a3bfc.us-east-1.amazon.com/INFO/root: Home Page Reached
[2023-04-03 23:01:40,734] dev-dsk-mzahn-1e-e30a3bfc.us-east-1.amazon.com/INFO/root: Home Page Reached
[2023-04-03 23:01:40,735] dev-dsk-mzahn-1e-e30a3bfc.us-east-1.amazon.com/INFO/root: Home Page Reached
[2023-04-03 23:01:41,766] dev-dsk-mzahn-1e-e30a3bfc.us-east-1.amazon.com/INFO/root: Home Page Reached
[2023-04-03 23:01:41,766] dev-dsk-mzahn-1e-e30a3bfc.us-east-1.amazon.com/INFO/root: Home Page Reached
[2023-04-03 23:01:41,779] dev-dsk-mzahn-1e-e30a3bfc.us-east-1.amazon.com/INFO/root: Home Page Reached
[2023-04-03 23:01:41,779] dev-dsk-mzahn-1e-e30a3bfc.us-east-1.amazon.com/INFO/root: Home Page Reached
[2023-04-03 23:01:41,780] dev-dsk-mzahn-1e-e30a3bfc.us-east-1.amazon.com/INFO/root: Home Page Reached
[2023-04-03 23:01:41,794] dev-dsk-mzahn-1e-e30a3bfc.us-east-1.amazon.com/INFO/root: Home Page Reached
[2023-04-03 23:01:41,795] dev-dsk-mzahn-1e-e30a3bfc.us-east-1.amazon.com/INFO/root: Home Page Reached
[2023-04-03 23:01:41,796] dev-dsk-mzahn-1e-e30a3bfc.us-east-1.amazon.com/INFO/root: Home Page Reached
[2023-04-03 23:01:41,802] dev-dsk-mzahn-1e-e30a3bfc.us-east-1.amazon.com/INFO/root: Home Page Reached
[2023-04-03 23:01:41,803] dev-dsk-mzahn-1e-e30a3bfc.us-east-1.amazon.com/INFO/root: Home Page Reached
[2023-04-03 23:01:42,831] dev-dsk-mzahn-1e-e30a3bfc.us-east-1.amazon.com/INFO/root: Home Page Reached
[2023-04-03 23:01:42,832] dev-dsk-mzahn-1e-e30a3bfc.us-east-1.amazon.com/INFO/root: Home Page Reached
[2023-04-03 23:01:42,844] dev-dsk-mzahn-1e-e30a3bfc.us-east-1.amazon.com/INFO/root: Home Page Reached
[2023-04-03 23:01:42,845] dev-dsk-mzahn-1e-e30a3bfc.us-east-1.amazon.com/INFO/root: Home Page Reached
[2023-04-03 23:01:42,847] dev-dsk-mzahn-1e-e30a3bfc.us-east-1.amazon.com/INFO/root: Home Page Reached
[2023-04-03 23:01:42,862] dev-dsk-mzahn-1e-e30a3bfc.us-east-1.amazon.com/INFO/root: Home Page Reached
[2023-04-03 23:01:42,864] dev-dsk-mzahn-1e-e30a3bfc.us-east-1.amazon.com/INFO/root: Home Page Reached
[2023-04-03 23:01:42,864] dev-dsk-mzahn-1e-e30a3bfc.us-east-1.amazon.com/INFO/root: Home Page Reached
[2023-04-03 23:01:42,869] dev-dsk-mzahn-1e-e30a3bfc.us-east-1.amazon.com/INFO/root: Home Page Reached
[2023-04-03 23:01:42,871] dev-dsk-mzahn-1e-e30a3bfc.us-east-1.amazon.com/INFO/root: Home Page Reached
[2023-04-03 23:01:43,895] dev-dsk-mzahn-1e-e30a3bfc.us-east-1.amazon.com/INFO/root: Home Page Reached
[2023-04-03 23:01:43,897] dev-dsk-mzahn-1e-e30a3bfc.us-east-1.amazon.com/INFO/root: Home Page Reached
[2023-04-03 23:01:43,910] dev-dsk-mzahn-1e-e30a3bfc.us-east-1.amazon.com/INFO/root: Home Page Reached
[2023-04-03 23:01:43,911] dev-dsk-mzahn-1e-e30a3bfc.us-east-1.amazon.com/INFO/root: Home Page Reached
[2023-04-03 23:01:43,914] dev-dsk-mzahn-1e-e30a3bfc.us-east-1.amazon.com/INFO/root: Home Page Reached
[2023-04-03 23:01:43,929] dev-dsk-mzahn-1e-e30a3bfc.us-east-1.amazon.com/INFO/root: Home Page Reached
[2023-04-03 23:01:43,930] dev-dsk-mzahn-1e-e30a3bfc.us-east-1.amazon.com/INFO/root: Home Page Reached
[2023-04-03 23:01:43,931] dev-dsk-mzahn-1e-e30a3bfc.us-east-1.amazon.com/INFO/root: Home Page Reached
[2023-04-03 23:01:43,936] dev-dsk-mzahn-1e-e30a3bfc.us-east-1.amazon.com/INFO/root: Home Page Reached
[2023-04-03 23:01:43,939] dev-dsk-mzahn-1e-e30a3bfc.us-east-1.amazon.com/INFO/root: Home Page Reached
[2023-04-03 23:01:44,961] dev-dsk-mzahn-1e-e30a3bfc.us-east-1.amazon.com/INFO/root: Home Page Reached
[2023-04-03 23:01:44,962] dev-dsk-mzahn-1e-e30a3bfc.us-east-1.amazon.com/INFO/root: Home Page Reached
[2023-04-03 23:01:44,976] dev-dsk-mzahn-1e-e30a3bfc.us-east-1.amazon.com/INFO/root: Home Page Reached
[2023-04-03 23:01:44,977] dev-dsk-mzahn-1e-e30a3bfc.us-east-1.amazon.com/INFO/root: Home Page Reached
[2023-04-03 23:01:44,980] dev-dsk-mzahn-1e-e30a3bfc.us-east-1.amazon.com/INFO/root: Home Page Reached
[2023-04-03 23:01:44,997] dev-dsk-mzahn-1e-e30a3bfc.us-east-1.amazon.com/INFO/root: Home Page Reached
[2023-04-03 23:01:44,997] dev-dsk-mzahn-1e-e30a3bfc.us-east-1.amazon.com/INFO/root: Home Page Reached
[2023-04-03 23:01:44,998] dev-dsk-mzahn-1e-e30a3bfc.us-east-1.amazon.com/INFO/root: Home Page Reached
[2023-04-03 23:01:45,003] dev-dsk-mzahn-1e-e30a3bfc.us-east-1.amazon.com/INFO/root: Home Page Reached
[2023-04-03 23:01:45,007] dev-dsk-mzahn-1e-e30a3bfc.us-east-1.amazon.com/INFO/root: Home Page Reached
[2023-04-03 23:01:46,026] dev-dsk-mzahn-1e-e30a3bfc.us-east-1.amazon.com/INFO/root: Home Page Reached
[2023-04-03 23:01:46,027] dev-dsk-mzahn-1e-e30a3bfc.us-east-1.amazon.com/INFO/root: Home Page Reached
[2023-04-03 23:01:46,042] dev-dsk-mzahn-1e-e30a3bfc.us-east-1.amazon.com/INFO/root: Home Page Reached
[2023-04-03 23:01:46,043] dev-dsk-mzahn-1e-e30a3bfc.us-east-1.amazon.com/INFO/root: Home Page Reached
[2023-04-03 23:01:46,047] dev-dsk-mzahn-1e-e30a3bfc.us-east-1.amazon.com/INFO/root: Home Page Reached
[2023-04-03 23:01:46,064] dev-dsk-mzahn-1e-e30a3bfc.us-east-1.amazon.com/INFO/root: Home Page Reached
[2023-04-03 23:01:46,064] dev-dsk-mzahn-1e-e30a3bfc.us-east-1.amazon.com/INFO/root: Home Page Reached
[2023-04-03 23:01:46,065] dev-dsk-mzahn-1e-e30a3bfc.us-east-1.amazon.com/INFO/root: Home Page Reached
[2023-04-03 23:01:46,070] dev-dsk-mzahn-1e-e30a3bfc.us-east-1.amazon.com/INFO/root: Home Page Reached
[2023-04-03 23:01:46,075] dev-dsk-mzahn-1e-e30a3bfc.us-east-1.amazon.com/INFO/root: Home Page Reached
[2023-04-03 23:01:47,092] dev-dsk-mzahn-1e-e30a3bfc.us-east-1.amazon.com/INFO/root: Home Page Reached
[2023-04-03 23:01:47,093] dev-dsk-mzahn-1e-e30a3bfc.us-east-1.amazon.com/INFO/root: Home Page Reached
[2023-04-03 23:01:47,108] dev-dsk-mzahn-1e-e30a3bfc.us-east-1.amazon.com/INFO/root: Home Page Reached
[2023-04-03 23:01:47,108] dev-dsk-mzahn-1e-e30a3bfc.us-east-1.amazon.com/INFO/root: Home Page Reached
[2023-04-03 23:01:47,113] dev-dsk-mzahn-1e-e30a3bfc.us-east-1.amazon.com/INFO/root: Home Page Reached
[2023-04-03 23:01:47,131] dev-dsk-mzahn-1e-e30a3bfc.us-east-1.amazon.com/INFO/root: Home Page Reached
[2023-04-03 23:01:47,131] dev-dsk-mzahn-1e-e30a3bfc.us-east-1.amazon.com/INFO/root: Home Page Reached
[2023-04-03 23:01:47,132] dev-dsk-mzahn-1e-e30a3bfc.us-east-1.amazon.com/INFO/root: Home Page Reached
[2023-04-03 23:01:47,137] dev-dsk-mzahn-1e-e30a3bfc.us-east-1.amazon.com/INFO/root: Home Page Reached
[2023-04-03 23:01:47,143] dev-dsk-mzahn-1e-e30a3bfc.us-east-1.amazon.com/INFO/root: Home Page Reached
[2023-04-03 23:01:48,156] dev-dsk-mzahn-1e-e30a3bfc.us-east-1.amazon.com/INFO/root: Home Page Reached
[2023-04-03 23:01:48,158] dev-dsk-mzahn-1e-e30a3bfc.us-east-1.amazon.com/INFO/root: Home Page Reached
[2023-04-03 23:01:48,174] dev-dsk-mzahn-1e-e30a3bfc.us-east-1.amazon.com/INFO/root: Home Page Reached
[2023-04-03 23:01:48,174] dev-dsk-mzahn-1e-e30a3bfc.us-east-1.amazon.com/INFO/root: Home Page Reached
[2023-04-03 23:01:48,179] dev-dsk-mzahn-1e-e30a3bfc.us-east-1.amazon.com/INFO/root: Home Page Reached
[2023-04-03 23:01:48,198] dev-dsk-mzahn-1e-e30a3bfc.us-east-1.amazon.com/INFO/root: Home Page Reached
[2023-04-03 23:01:48,199] dev-dsk-mzahn-1e-e30a3bfc.us-east-1.amazon.com/INFO/root: Home Page Reached
[2023-04-03 23:01:48,200] dev-dsk-mzahn-1e-e30a3bfc.us-east-1.amazon.com/INFO/root: Home Page Reached
[2023-04-03 23:01:48,204] dev-dsk-mzahn-1e-e30a3bfc.us-east-1.amazon.com/INFO/root: Home Page Reached
[2023-04-03 23:01:48,211] dev-dsk-mzahn-1e-e30a3bfc.us-east-1.amazon.com/INFO/root: Home Page Reached
[2023-04-03 23:01:49,222] dev-dsk-mzahn-1e-e30a3bfc.us-east-1.amazon.com/INFO/root: Home Page Reached
[2023-04-03 23:01:49,223] dev-dsk-mzahn-1e-e30a3bfc.us-east-1.amazon.com/INFO/root: Home Page Reached
[2023-04-03 23:01:49,240] dev-dsk-mzahn-1e-e30a3bfc.us-east-1.amazon.com/INFO/root: Home Page Reached
[2023-04-03 23:01:49,240] dev-dsk-mzahn-1e-e30a3bfc.us-east-1.amazon.com/INFO/root: Home Page Reached
[2023-04-03 23:01:49,245] dev-dsk-mzahn-1e-e30a3bfc.us-east-1.amazon.com/INFO/root: Home Page Reached
[2023-04-03 23:01:49,266] dev-dsk-mzahn-1e-e30a3bfc.us-east-1.amazon.com/INFO/root: Home Page Reached
[2023-04-03 23:01:49,266] dev-dsk-mzahn-1e-e30a3bfc.us-east-1.amazon.com/INFO/root: Home Page Reached
[2023-04-03 23:01:49,267] dev-dsk-mzahn-1e-e30a3bfc.us-east-1.amazon.com/INFO/root: Home Page Reached
[2023-04-03 23:01:49,271] dev-dsk-mzahn-1e-e30a3bfc.us-east-1.amazon.com/INFO/root: Home Page Reached
[2023-04-03 23:01:49,279] dev-dsk-mzahn-1e-e30a3bfc.us-east-1.amazon.com/INFO/root: Home Page Reached
[2023-04-03 23:01:50,290] dev-dsk-mzahn-1e-e30a3bfc.us-east-1.amazon.com/INFO/root: Home Page Reached
[2023-04-03 23:01:50,290] dev-dsk-mzahn-1e-e30a3bfc.us-east-1.amazon.com/INFO/root: Home Page Reached
[2023-04-03 23:01:50,306] dev-dsk-mzahn-1e-e30a3bfc.us-east-1.amazon.com/INFO/root: Home Page Reached
[2023-04-03 23:01:50,307] dev-dsk-mzahn-1e-e30a3bfc.us-east-1.amazon.com/INFO/root: Home Page Reached
[2023-04-03 23:01:50,312] dev-dsk-mzahn-1e-e30a3bfc.us-east-1.amazon.com/INFO/root: Home Page Reached
[2023-04-03 23:01:50,336] dev-dsk-mzahn-1e-e30a3bfc.us-east-1.amazon.com/INFO/root: Home Page Reached
[2023-04-03 23:01:50,337] dev-dsk-mzahn-1e-e30a3bfc.us-east-1.amazon.com/INFO/root: Home Page Reached
[2023-04-03 23:01:50,337] dev-dsk-mzahn-1e-e30a3bfc.us-east-1.amazon.com/INFO/root: Home Page Reached
[2023-04-03 23:01:50,338] dev-dsk-mzahn-1e-e30a3bfc.us-east-1.amazon.com/INFO/root: Home Page Reached
[2023-04-03 23:01:50,348] dev-dsk-mzahn-1e-e30a3bfc.us-east-1.amazon.com/INFO/root: Home Page Reached
[2023-04-03 23:01:51,356] dev-dsk-mzahn-1e-e30a3bfc.us-east-1.amazon.com/INFO/root: Home Page Reached
[2023-04-03 23:01:51,357] dev-dsk-mzahn-1e-e30a3bfc.us-east-1.amazon.com/INFO/root: Home Page Reached
[2023-04-03 23:01:51,371] dev-dsk-mzahn-1e-e30a3bfc.us-east-1.amazon.com/INFO/root: Home Page Reached
[2023-04-03 23:01:51,371] dev-dsk-mzahn-1e-e30a3bfc.us-east-1.amazon.com/INFO/root: Home Page Reached
[2023-04-03 23:01:51,378] dev-dsk-mzahn-1e-e30a3bfc.us-east-1.amazon.com/INFO/root: Home Page Reached
[2023-04-03 23:01:51,405] dev-dsk-mzahn-1e-e30a3bfc.us-east-1.amazon.com/INFO/root: Home Page Reached
[2023-04-03 23:01:51,406] dev-dsk-mzahn-1e-e30a3bfc.us-east-1.amazon.com/INFO/root: Home Page Reached
[2023-04-03 23:01:51,406] dev-dsk-mzahn-1e-e30a3bfc.us-east-1.amazon.com/INFO/root: Home Page Reached
[2023-04-03 23:01:51,407] dev-dsk-mzahn-1e-e30a3bfc.us-east-1.amazon.com/INFO/root: Home Page Reached
[2023-04-03 23:01:51,415] dev-dsk-mzahn-1e-e30a3bfc.us-east-1.amazon.com/INFO/root: Home Page Reached
[2023-04-03 23:01:52,422] dev-dsk-mzahn-1e-e30a3bfc.us-east-1.amazon.com/INFO/root: Home Page Reached
[2023-04-03 23:01:52,423] dev-dsk-mzahn-1e-e30a3bfc.us-east-1.amazon.com/INFO/root: Home Page Reached
[2023-04-03 23:01:52,437] dev-dsk-mzahn-1e-e30a3bfc.us-east-1.amazon.com/INFO/root: Home Page Reached
[2023-04-03 23:01:52,438] dev-dsk-mzahn-1e-e30a3bfc.us-east-1.amazon.com/INFO/root: Home Page Reached
[2023-04-03 23:01:52,445] dev-dsk-mzahn-1e-e30a3bfc.us-east-1.amazon.com/INFO/root: Home Page Reached
[2023-04-03 23:01:52,473] dev-dsk-mzahn-1e-e30a3bfc.us-east-1.amazon.com/INFO/root: Home Page Reached
[2023-04-03 23:01:52,475] dev-dsk-mzahn-1e-e30a3bfc.us-east-1.amazon.com/INFO/root: Home Page Reached
[2023-04-03 23:01:52,476] dev-dsk-mzahn-1e-e30a3bfc.us-east-1.amazon.com/INFO/root: Home Page Reached
[2023-04-03 23:01:52,536] dev-dsk-mzahn-1e-e30a3bfc.us-east-1.amazon.com/INFO/root: Home Page Reached
[2023-04-03 23:01:52,546] dev-dsk-mzahn-1e-e30a3bfc.us-east-1.amazon.com/INFO/root: Home Page Reached
[2023-04-03 23:01:53,490] dev-dsk-mzahn-1e-e30a3bfc.us-east-1.amazon.com/INFO/root: Home Page Reached
[2023-04-03 23:01:53,491] dev-dsk-mzahn-1e-e30a3bfc.us-east-1.amazon.com/INFO/root: Home Page Reached
[2023-04-03 23:01:53,503] dev-dsk-mzahn-1e-e30a3bfc.us-east-1.amazon.com/INFO/root: Home Page Reached
[2023-04-03 23:01:53,504] dev-dsk-mzahn-1e-e30a3bfc.us-east-1.amazon.com/INFO/root: Home Page Reached
[2023-04-03 23:01:53,511] dev-dsk-mzahn-1e-e30a3bfc.us-east-1.amazon.com/INFO/root: Home Page Reached
[2023-04-03 23:01:53,540] dev-dsk-mzahn-1e-e30a3bfc.us-east-1.amazon.com/INFO/root: Home Page Reached
[2023-04-03 23:01:53,542] dev-dsk-mzahn-1e-e30a3bfc.us-east-1.amazon.com/INFO/root: Home Page Reached
[2023-04-03 23:01:53,543] dev-dsk-mzahn-1e-e30a3bfc.us-east-1.amazon.com/INFO/root: Home Page Reached
[2023-04-03 23:01:53,604] dev-dsk-mzahn-1e-e30a3bfc.us-east-1.amazon.com/INFO/root: Home Page Reached
[2023-04-03 23:01:53,613] dev-dsk-mzahn-1e-e30a3bfc.us-east-1.amazon.com/INFO/root: Home Page Reached
[2023-04-03 23:01:54,557] dev-dsk-mzahn-1e-e30a3bfc.us-east-1.amazon.com/INFO/root: Home Page Reached
[2023-04-03 23:01:54,558] dev-dsk-mzahn-1e-e30a3bfc.us-east-1.amazon.com/INFO/root: Home Page Reached
[2023-04-03 23:01:54,569] dev-dsk-mzahn-1e-e30a3bfc.us-east-1.amazon.com/INFO/root: Home Page Reached
[2023-04-03 23:01:54,570] dev-dsk-mzahn-1e-e30a3bfc.us-east-1.amazon.com/INFO/root: Home Page Reached
[2023-04-03 23:01:54,578] dev-dsk-mzahn-1e-e30a3bfc.us-east-1.amazon.com/INFO/root: Home Page Reached
[2023-04-03 23:01:54,607] dev-dsk-mzahn-1e-e30a3bfc.us-east-1.amazon.com/INFO/root: Home Page Reached
[2023-04-03 23:01:54,609] dev-dsk-mzahn-1e-e30a3bfc.us-east-1.amazon.com/INFO/root: Home Page Reached
[2023-04-03 23:01:54,610] dev-dsk-mzahn-1e-e30a3bfc.us-east-1.amazon.com/INFO/root: Home Page Reached
[2023-04-03 23:01:54,672] dev-dsk-mzahn-1e-e30a3bfc.us-east-1.amazon.com/INFO/root: Home Page Reached
[2023-04-03 23:01:54,682] dev-dsk-mzahn-1e-e30a3bfc.us-east-1.amazon.com/INFO/root: Home Page Reached
[2023-04-03 23:01:55,625] dev-dsk-mzahn-1e-e30a3bfc.us-east-1.amazon.com/INFO/root: Home Page Reached
[2023-04-03 23:01:55,626] dev-dsk-mzahn-1e-e30a3bfc.us-east-1.amazon.com/INFO/root: Home Page Reached
[2023-04-03 23:01:55,635] dev-dsk-mzahn-1e-e30a3bfc.us-east-1.amazon.com/INFO/root: Home Page Reached
[2023-04-03 23:01:55,635] dev-dsk-mzahn-1e-e30a3bfc.us-east-1.amazon.com/INFO/root: Home Page Reached
[2023-04-03 23:01:55,644] dev-dsk-mzahn-1e-e30a3bfc.us-east-1.amazon.com/INFO/root: Home Page Reached
[2023-04-03 23:01:55,675] dev-dsk-mzahn-1e-e30a3bfc.us-east-1.amazon.com/INFO/root: Home Page Reached
[2023-04-03 23:01:55,677] dev-dsk-mzahn-1e-e30a3bfc.us-east-1.amazon.com/INFO/root: Home Page Reached
[2023-04-03 23:01:55,677] dev-dsk-mzahn-1e-e30a3bfc.us-east-1.amazon.com/INFO/root: Home Page Reached
[2023-04-03 23:01:55,741] dev-dsk-mzahn-1e-e30a3bfc.us-east-1.amazon.com/INFO/root: Home Page Reached
[2023-04-03 23:01:55,750] dev-dsk-mzahn-1e-e30a3bfc.us-east-1.amazon.com/INFO/root: Home Page Reached
[2023-04-03 23:01:56,693] dev-dsk-mzahn-1e-e30a3bfc.us-east-1.amazon.com/INFO/root: Home Page Reached
[2023-04-03 23:01:56,694] dev-dsk-mzahn-1e-e30a3bfc.us-east-1.amazon.com/INFO/root: Home Page Reached
[2023-04-03 23:01:56,701] dev-dsk-mzahn-1e-e30a3bfc.us-east-1.amazon.com/INFO/root: Home Page Reached
[2023-04-03 23:01:56,702] dev-dsk-mzahn-1e-e30a3bfc.us-east-1.amazon.com/INFO/root: Home Page Reached
[2023-04-03 23:01:56,711] dev-dsk-mzahn-1e-e30a3bfc.us-east-1.amazon.com/INFO/root: Home Page Reached
[2023-04-03 23:01:56,743] dev-dsk-mzahn-1e-e30a3bfc.us-east-1.amazon.com/INFO/root: Home Page Reached
[2023-04-03 23:01:56,744] dev-dsk-mzahn-1e-e30a3bfc.us-east-1.amazon.com/INFO/root: Home Page Reached
[2023-04-03 23:01:56,745] dev-dsk-mzahn-1e-e30a3bfc.us-east-1.amazon.com/INFO/root: Home Page Reached
[2023-04-03 23:01:56,809] dev-dsk-mzahn-1e-e30a3bfc.us-east-1.amazon.com/INFO/root: Home Page Reached
[2023-04-03 23:01:56,818] dev-dsk-mzahn-1e-e30a3bfc.us-east-1.amazon.com/INFO/root: Home Page Reached
[2023-04-03 23:01:57,759] dev-dsk-mzahn-1e-e30a3bfc.us-east-1.amazon.com/INFO/root: Home Page Reached
[2023-04-03 23:01:57,760] dev-dsk-mzahn-1e-e30a3bfc.us-east-1.amazon.com/INFO/root: Home Page Reached
[2023-04-03 23:01:57,769] dev-dsk-mzahn-1e-e30a3bfc.us-east-1.amazon.com/INFO/root: Home Page Reached
[2023-04-03 23:01:57,770] dev-dsk-mzahn-1e-e30a3bfc.us-east-1.amazon.com/INFO/root: Home Page Reached
[2023-04-03 23:01:57,778] dev-dsk-mzahn-1e-e30a3bfc.us-east-1.amazon.com/INFO/root: Home Page Reached
[2023-04-03 23:01:57,812] dev-dsk-mzahn-1e-e30a3bfc.us-east-1.amazon.com/INFO/root: Home Page Reached
[2023-04-03 23:01:57,813] dev-dsk-mzahn-1e-e30a3bfc.us-east-1.amazon.com/INFO/root: Home Page Reached
[2023-04-03 23:01:57,814] dev-dsk-mzahn-1e-e30a3bfc.us-east-1.amazon.com/INFO/root: Home Page Reached
[2023-04-03 23:01:57,875] dev-dsk-mzahn-1e-e30a3bfc.us-east-1.amazon.com/INFO/root: Home Page Reached
[2023-04-03 23:01:57,884] dev-dsk-mzahn-1e-e30a3bfc.us-east-1.amazon.com/INFO/root: Home Page Reached
[2023-04-03 23:01:58,826] dev-dsk-mzahn-1e-e30a3bfc.us-east-1.amazon.com/INFO/root: Home Page Reached
[2023-04-03 23:01:58,827] dev-dsk-mzahn-1e-e30a3bfc.us-east-1.amazon.com/INFO/root: Home Page Reached
[2023-04-03 23:01:58,836] dev-dsk-mzahn-1e-e30a3bfc.us-east-1.amazon.com/INFO/root: Home Page Reached
[2023-04-03 23:01:58,837] dev-dsk-mzahn-1e-e30a3bfc.us-east-1.amazon.com/INFO/root: Home Page Reached
[2023-04-03 23:01:58,847] dev-dsk-mzahn-1e-e30a3bfc.us-east-1.amazon.com/INFO/root: Home Page Reached
[2023-04-03 23:01:58,880] dev-dsk-mzahn-1e-e30a3bfc.us-east-1.amazon.com/INFO/root: Home Page Reached
[2023-04-03 23:01:58,881] dev-dsk-mzahn-1e-e30a3bfc.us-east-1.amazon.com/INFO/root: Home Page Reached
[2023-04-03 23:01:58,881] dev-dsk-mzahn-1e-e30a3bfc.us-east-1.amazon.com/INFO/root: Home Page Reached
[2023-04-03 23:01:58,942] dev-dsk-mzahn-1e-e30a3bfc.us-east-1.amazon.com/INFO/root: Home Page Reached
[2023-04-03 23:01:58,950] dev-dsk-mzahn-1e-e30a3bfc.us-east-1.amazon.com/INFO/root: Home Page Reached
[2023-04-03 23:01:59,701] dev-dsk-mzahn-1e-e30a3bfc.us-east-1.amazon.com/INFO/locust.main: Shutting down (exit code 0)
